0 info it worked if it ends with ok
1 verbose cli [ '/usr/local/bin/node',
1 verbose cli   '/usr/local/bin/npm',
1 verbose cli   'i',
1 verbose cli   'adafruit-i2c-pwm-driver',
1 verbose cli   '--save' ]
2 info using npm@3.10.10
3 info using node@v6.11.3
4 silly loadCurrentTree Starting
5 silly install loadCurrentTree
6 silly install readLocalPackageData
7 silly fetchPackageMetaData adafruit-i2c-pwm-driver
8 silly fetchNamedPackageData adafruit-i2c-pwm-driver
9 silly mapToRegistry name adafruit-i2c-pwm-driver
10 silly mapToRegistry using default registry
11 silly mapToRegistry registry https://registry.npmjs.org/
12 silly mapToRegistry data Result {
12 silly mapToRegistry   raw: 'adafruit-i2c-pwm-driver',
12 silly mapToRegistry   scope: null,
12 silly mapToRegistry   escapedName: 'adafruit-i2c-pwm-driver',
12 silly mapToRegistry   name: 'adafruit-i2c-pwm-driver',
12 silly mapToRegistry   rawSpec: '',
12 silly mapToRegistry   spec: 'latest',
12 silly mapToRegistry   type: 'tag' }
13 silly mapToRegistry uri https://registry.npmjs.org/adafruit-i2c-pwm-driver
14 verbose request uri https://registry.npmjs.org/adafruit-i2c-pwm-driver
15 verbose request no auth needed
16 info attempt registry request try #1 at 4:15:13 PM
17 verbose request using bearer token for auth
18 verbose request id 81231956362c5934
19 http request GET https://registry.npmjs.org/adafruit-i2c-pwm-driver
20 http 200 https://registry.npmjs.org/adafruit-i2c-pwm-driver
21 verbose headers { server: 'nginx/1.10.1',
21 verbose headers   'content-type': 'application/json',
21 verbose headers   'last-modified': 'Thu, 27 Apr 2017 11:30:57 GMT',
21 verbose headers   etag: 'W/"5901d671-2b0f"',
21 verbose headers   'content-encoding': 'gzip',
21 verbose headers   'cache-control': 'max-age=300',
21 verbose headers   'transfer-encoding': 'chunked',
21 verbose headers   'accept-ranges': 'bytes',
21 verbose headers   date: 'Sun, 24 Sep 2017 23:15:13 GMT',
21 verbose headers   via: '1.1 varnish',
21 verbose headers   connection: 'keep-alive',
21 verbose headers   'x-served-by': 'cache-sea1028-SEA',
21 verbose headers   'x-cache': 'MISS',
21 verbose headers   'x-cache-hits': '0',
21 verbose headers   'x-timer': 'S1506294914.922115,VS0,VE73',
21 verbose headers   vary: 'Accept-Encoding, Accept' }
22 silly get cb [ 200,
22 silly get   { server: 'nginx/1.10.1',
22 silly get     'content-type': 'application/json',
22 silly get     'last-modified': 'Thu, 27 Apr 2017 11:30:57 GMT',
22 silly get     etag: 'W/"5901d671-2b0f"',
22 silly get     'content-encoding': 'gzip',
22 silly get     'cache-control': 'max-age=300',
22 silly get     'transfer-encoding': 'chunked',
22 silly get     'accept-ranges': 'bytes',
22 silly get     date: 'Sun, 24 Sep 2017 23:15:13 GMT',
22 silly get     via: '1.1 varnish',
22 silly get     connection: 'keep-alive',
22 silly get     'x-served-by': 'cache-sea1028-SEA',
22 silly get     'x-cache': 'MISS',
22 silly get     'x-cache-hits': '0',
22 silly get     'x-timer': 'S1506294914.922115,VS0,VE73',
22 silly get     vary: 'Accept-Encoding, Accept' } ]
23 verbose get saving adafruit-i2c-pwm-driver to /Users/sachinpatney/.npm/registry.npmjs.org/adafruit-i2c-pwm-driver/.cache.json
24 verbose correctMkdir /Users/sachinpatney/.npm correctMkdir not in flight; initializing
25 silly install normalizeTree
26 silly loadCurrentTree Finishing
27 silly loadIdealTree Starting
28 silly install loadIdealTree
29 silly cloneCurrentTree Starting
30 silly install cloneCurrentTreeToIdealTree
31 silly cloneCurrentTree Finishing
32 silly loadShrinkwrap Starting
33 silly install loadShrinkwrap
34 silly loadShrinkwrap Finishing
35 silly loadAllDepsIntoIdealTree Starting
36 silly install loadAllDepsIntoIdealTree
37 silly resolveWithNewModule adafruit-i2c-pwm-driver@0.2.1 checking installable status
38 silly cache add args [ 'adafruit-i2c-pwm-driver', null ]
39 verbose cache add spec adafruit-i2c-pwm-driver
40 silly cache add parsed spec Result {
40 silly cache add   raw: 'adafruit-i2c-pwm-driver',
40 silly cache add   scope: null,
40 silly cache add   escapedName: 'adafruit-i2c-pwm-driver',
40 silly cache add   name: 'adafruit-i2c-pwm-driver',
40 silly cache add   rawSpec: '',
40 silly cache add   spec: 'latest',
40 silly cache add   type: 'tag' }
41 silly addNamed adafruit-i2c-pwm-driver@latest
42 verbose addNamed "latest" is being treated as a dist-tag for adafruit-i2c-pwm-driver
43 info addNameTag [ 'adafruit-i2c-pwm-driver', 'latest' ]
44 silly mapToRegistry name adafruit-i2c-pwm-driver
45 silly mapToRegistry using default registry
46 silly mapToRegistry registry https://registry.npmjs.org/
47 silly mapToRegistry data Result {
47 silly mapToRegistry   raw: 'adafruit-i2c-pwm-driver',
47 silly mapToRegistry   scope: null,
47 silly mapToRegistry   escapedName: 'adafruit-i2c-pwm-driver',
47 silly mapToRegistry   name: 'adafruit-i2c-pwm-driver',
47 silly mapToRegistry   rawSpec: '',
47 silly mapToRegistry   spec: 'latest',
47 silly mapToRegistry   type: 'tag' }
48 silly mapToRegistry uri https://registry.npmjs.org/adafruit-i2c-pwm-driver
49 verbose addNameTag registry:https://registry.npmjs.org/adafruit-i2c-pwm-driver not in flight; fetching
50 verbose get https://registry.npmjs.org/adafruit-i2c-pwm-driver not expired, no request
51 silly addNameTag next cb for adafruit-i2c-pwm-driver with tag latest
52 silly addNamed adafruit-i2c-pwm-driver@0.2.1
53 verbose addNamed "0.2.1" is a plain semver version for adafruit-i2c-pwm-driver
54 silly mapToRegistry name adafruit-i2c-pwm-driver
55 silly mapToRegistry using default registry
56 silly mapToRegistry registry https://registry.npmjs.org/
57 silly mapToRegistry data Result {
57 silly mapToRegistry   raw: 'adafruit-i2c-pwm-driver',
57 silly mapToRegistry   scope: null,
57 silly mapToRegistry   escapedName: 'adafruit-i2c-pwm-driver',
57 silly mapToRegistry   name: 'adafruit-i2c-pwm-driver',
57 silly mapToRegistry   rawSpec: '',
57 silly mapToRegistry   spec: 'latest',
57 silly mapToRegistry   type: 'tag' }
58 silly mapToRegistry uri https://registry.npmjs.org/adafruit-i2c-pwm-driver
59 verbose addRemoteTarball https://registry.npmjs.org/adafruit-i2c-pwm-driver/-/adafruit-i2c-pwm-driver-0.2.1.tgz not in flight; adding
60 verbose addRemoteTarball [ 'https://registry.npmjs.org/adafruit-i2c-pwm-driver/-/adafruit-i2c-pwm-driver-0.2.1.tgz',
60 verbose addRemoteTarball   'ef4706dbccd7ec197f4695841818a644a26dbbaf' ]
61 info retry fetch attempt 1 at 4:15:14 PM
62 info attempt registry request try #1 at 4:15:14 PM
63 http fetch GET https://registry.npmjs.org/adafruit-i2c-pwm-driver/-/adafruit-i2c-pwm-driver-0.2.1.tgz
64 verbose request using bearer token for auth
65 http fetch 200 https://registry.npmjs.org/adafruit-i2c-pwm-driver/-/adafruit-i2c-pwm-driver-0.2.1.tgz
66 silly fetchAndShaCheck shasum ef4706dbccd7ec197f4695841818a644a26dbbaf
67 verbose addTmpTarball /var/folders/0x/cqfrxqmj435fm4vrz19kgfs40000gn/T/npm-9902-fe009003/registry.npmjs.org/adafruit-i2c-pwm-driver/-/adafruit-i2c-pwm-driver-0.2.1.tgz not in flight; adding
68 verbose addTmpTarball already have metadata; skipping unpack for adafruit-i2c-pwm-driver@0.2.1
69 verbose correctMkdir /Users/sachinpatney/.npm correctMkdir not in flight; initializing
70 silly cache afterAdd adafruit-i2c-pwm-driver@0.2.1
71 verbose afterAdd /Users/sachinpatney/.npm/adafruit-i2c-pwm-driver/0.2.1/package/package.json not in flight; writing
72 verbose correctMkdir /Users/sachinpatney/.npm correctMkdir not in flight; initializing
73 verbose afterAdd /Users/sachinpatney/.npm/adafruit-i2c-pwm-driver/0.2.1/package/package.json written
74 silly fetchNamedPackageData i2c
75 silly mapToRegistry name i2c
76 silly mapToRegistry using default registry
77 silly mapToRegistry registry https://registry.npmjs.org/
78 silly mapToRegistry data Result {
78 silly mapToRegistry   raw: 'i2c',
78 silly mapToRegistry   scope: null,
78 silly mapToRegistry   escapedName: 'i2c',
78 silly mapToRegistry   name: 'i2c',
78 silly mapToRegistry   rawSpec: '',
78 silly mapToRegistry   spec: 'latest',
78 silly mapToRegistry   type: 'tag' }
79 silly mapToRegistry uri https://registry.npmjs.org/i2c
80 verbose request uri https://registry.npmjs.org/i2c
81 verbose request no auth needed
82 info attempt registry request try #1 at 4:15:14 PM
83 verbose request using bearer token for auth
84 http request GET https://registry.npmjs.org/i2c
85 http 200 https://registry.npmjs.org/i2c
86 verbose headers { server: 'nginx/1.10.1',
86 verbose headers   'content-type': 'application/json',
86 verbose headers   'last-modified': 'Fri, 16 Jun 2017 13:05:25 GMT',
86 verbose headers   etag: 'W/"5943d795-42c1"',
86 verbose headers   'content-encoding': 'gzip',
86 verbose headers   'cache-control': 'max-age=300',
86 verbose headers   'transfer-encoding': 'chunked',
86 verbose headers   'accept-ranges': 'bytes',
86 verbose headers   date: 'Sun, 24 Sep 2017 23:15:14 GMT',
86 verbose headers   via: '1.1 varnish',
86 verbose headers   connection: 'keep-alive',
86 verbose headers   'x-served-by': 'cache-sea1028-SEA',
86 verbose headers   'x-cache': 'MISS',
86 verbose headers   'x-cache-hits': '0',
86 verbose headers   'x-timer': 'S1506294914.190937,VS0,VE321',
86 verbose headers   vary: 'Accept-Encoding, Accept' }
87 silly get cb [ 200,
87 silly get   { server: 'nginx/1.10.1',
87 silly get     'content-type': 'application/json',
87 silly get     'last-modified': 'Fri, 16 Jun 2017 13:05:25 GMT',
87 silly get     etag: 'W/"5943d795-42c1"',
87 silly get     'content-encoding': 'gzip',
87 silly get     'cache-control': 'max-age=300',
87 silly get     'transfer-encoding': 'chunked',
87 silly get     'accept-ranges': 'bytes',
87 silly get     date: 'Sun, 24 Sep 2017 23:15:14 GMT',
87 silly get     via: '1.1 varnish',
87 silly get     connection: 'keep-alive',
87 silly get     'x-served-by': 'cache-sea1028-SEA',
87 silly get     'x-cache': 'MISS',
87 silly get     'x-cache-hits': '0',
87 silly get     'x-timer': 'S1506294914.190937,VS0,VE321',
87 silly get     vary: 'Accept-Encoding, Accept' } ]
88 verbose get saving i2c to /Users/sachinpatney/.npm/registry.npmjs.org/i2c/.cache.json
89 verbose correctMkdir /Users/sachinpatney/.npm correctMkdir not in flight; initializing
90 silly resolveWithNewModule i2c@0.2.3 checking installable status
91 silly cache add args [ 'i2c@0.2.3', null ]
92 verbose cache add spec i2c@0.2.3
93 silly cache add parsed spec Result {
93 silly cache add   raw: 'i2c@0.2.3',
93 silly cache add   scope: null,
93 silly cache add   escapedName: 'i2c',
93 silly cache add   name: 'i2c',
93 silly cache add   rawSpec: '0.2.3',
93 silly cache add   spec: '0.2.3',
93 silly cache add   type: 'version' }
94 silly addNamed i2c@0.2.3
95 verbose addNamed "0.2.3" is a plain semver version for i2c
96 silly mapToRegistry name i2c
97 silly mapToRegistry using default registry
98 silly mapToRegistry registry https://registry.npmjs.org/
99 silly mapToRegistry data Result {
99 silly mapToRegistry   raw: 'i2c',
99 silly mapToRegistry   scope: null,
99 silly mapToRegistry   escapedName: 'i2c',
99 silly mapToRegistry   name: 'i2c',
99 silly mapToRegistry   rawSpec: '',
99 silly mapToRegistry   spec: 'latest',
99 silly mapToRegistry   type: 'tag' }
100 silly mapToRegistry uri https://registry.npmjs.org/i2c
101 verbose addNameVersion registry:https://registry.npmjs.org/i2c not in flight; fetching
102 verbose get https://registry.npmjs.org/i2c not expired, no request
103 silly mapToRegistry name i2c
104 silly mapToRegistry using default registry
105 silly mapToRegistry registry https://registry.npmjs.org/
106 silly mapToRegistry data Result {
106 silly mapToRegistry   raw: 'i2c',
106 silly mapToRegistry   scope: null,
106 silly mapToRegistry   escapedName: 'i2c',
106 silly mapToRegistry   name: 'i2c',
106 silly mapToRegistry   rawSpec: '',
106 silly mapToRegistry   spec: 'latest',
106 silly mapToRegistry   type: 'tag' }
107 silly mapToRegistry uri https://registry.npmjs.org/i2c
108 verbose addRemoteTarball https://registry.npmjs.org/i2c/-/i2c-0.2.3.tgz not in flight; adding
109 verbose addRemoteTarball [ 'https://registry.npmjs.org/i2c/-/i2c-0.2.3.tgz',
109 verbose addRemoteTarball   'f43f7028141026ae48af2990a374633d1dab3d2b' ]
110 info retry fetch attempt 1 at 4:15:14 PM
111 info attempt registry request try #1 at 4:15:14 PM
112 http fetch GET https://registry.npmjs.org/i2c/-/i2c-0.2.3.tgz
113 verbose request using bearer token for auth
114 http fetch 200 https://registry.npmjs.org/i2c/-/i2c-0.2.3.tgz
115 silly fetchAndShaCheck shasum f43f7028141026ae48af2990a374633d1dab3d2b
116 verbose addTmpTarball /var/folders/0x/cqfrxqmj435fm4vrz19kgfs40000gn/T/npm-9902-fe009003/registry.npmjs.org/i2c/-/i2c-0.2.3.tgz not in flight; adding
117 verbose addTmpTarball already have metadata; skipping unpack for i2c@0.2.3
118 verbose correctMkdir /Users/sachinpatney/.npm correctMkdir not in flight; initializing
119 silly cache afterAdd i2c@0.2.3
120 verbose afterAdd /Users/sachinpatney/.npm/i2c/0.2.3/package/package.json not in flight; writing
121 verbose correctMkdir /Users/sachinpatney/.npm correctMkdir not in flight; initializing
122 verbose afterAdd /Users/sachinpatney/.npm/i2c/0.2.3/package/package.json written
123 silly fetchNamedPackageData bindings
124 silly mapToRegistry name bindings
125 silly mapToRegistry using default registry
126 silly mapToRegistry registry https://registry.npmjs.org/
127 silly mapToRegistry data Result {
127 silly mapToRegistry   raw: 'bindings',
127 silly mapToRegistry   scope: null,
127 silly mapToRegistry   escapedName: 'bindings',
127 silly mapToRegistry   name: 'bindings',
127 silly mapToRegistry   rawSpec: '',
127 silly mapToRegistry   spec: 'latest',
127 silly mapToRegistry   type: 'tag' }
128 silly mapToRegistry uri https://registry.npmjs.org/bindings
129 silly fetchNamedPackageData underscore
130 silly mapToRegistry name underscore
131 silly mapToRegistry using default registry
132 silly mapToRegistry registry https://registry.npmjs.org/
133 silly mapToRegistry data Result {
133 silly mapToRegistry   raw: 'underscore',
133 silly mapToRegistry   scope: null,
133 silly mapToRegistry   escapedName: 'underscore',
133 silly mapToRegistry   name: 'underscore',
133 silly mapToRegistry   rawSpec: '',
133 silly mapToRegistry   spec: 'latest',
133 silly mapToRegistry   type: 'tag' }
134 silly mapToRegistry uri https://registry.npmjs.org/underscore
135 silly fetchNamedPackageData coffee-script
136 silly mapToRegistry name coffee-script
137 silly mapToRegistry using default registry
138 silly mapToRegistry registry https://registry.npmjs.org/
139 silly mapToRegistry data Result {
139 silly mapToRegistry   raw: 'coffee-script',
139 silly mapToRegistry   scope: null,
139 silly mapToRegistry   escapedName: 'coffee-script',
139 silly mapToRegistry   name: 'coffee-script',
139 silly mapToRegistry   rawSpec: '',
139 silly mapToRegistry   spec: 'latest',
139 silly mapToRegistry   type: 'tag' }
140 silly mapToRegistry uri https://registry.npmjs.org/coffee-script
141 silly fetchNamedPackageData repl
142 silly mapToRegistry name repl
143 silly mapToRegistry using default registry
144 silly mapToRegistry registry https://registry.npmjs.org/
145 silly mapToRegistry data Result {
145 silly mapToRegistry   raw: 'repl',
145 silly mapToRegistry   scope: null,
145 silly mapToRegistry   escapedName: 'repl',
145 silly mapToRegistry   name: 'repl',
145 silly mapToRegistry   rawSpec: '',
145 silly mapToRegistry   spec: 'latest',
145 silly mapToRegistry   type: 'tag' }
146 silly mapToRegistry uri https://registry.npmjs.org/repl
147 silly fetchNamedPackageData nan
148 silly mapToRegistry name nan
149 silly mapToRegistry using default registry
150 silly mapToRegistry registry https://registry.npmjs.org/
151 silly mapToRegistry data Result {
151 silly mapToRegistry   raw: 'nan',
151 silly mapToRegistry   scope: null,
151 silly mapToRegistry   escapedName: 'nan',
151 silly mapToRegistry   name: 'nan',
151 silly mapToRegistry   rawSpec: '',
151 silly mapToRegistry   spec: 'latest',
151 silly mapToRegistry   type: 'tag' }
152 silly mapToRegistry uri https://registry.npmjs.org/nan
153 verbose request uri https://registry.npmjs.org/repl
154 verbose request no auth needed
155 info attempt registry request try #1 at 4:15:14 PM
156 verbose request using bearer token for auth
157 http request GET https://registry.npmjs.org/repl
158 verbose request uri https://registry.npmjs.org/bindings
159 verbose request no auth needed
160 info attempt registry request try #1 at 4:15:14 PM
161 verbose request using bearer token for auth
162 verbose etag W/"59b28ad4-4c18"
163 verbose lastModified Fri, 08 Sep 2017 12:19:32 GMT
164 http request GET https://registry.npmjs.org/bindings
165 verbose request uri https://registry.npmjs.org/underscore
166 verbose request no auth needed
167 info attempt registry request try #1 at 4:15:14 PM
168 verbose request using bearer token for auth
169 verbose etag W/"59b90f7e-af9e"
170 verbose lastModified Wed, 13 Sep 2017 10:59:10 GMT
171 http request GET https://registry.npmjs.org/underscore
172 verbose request uri https://registry.npmjs.org/coffee-script
173 verbose request no auth needed
174 info attempt registry request try #1 at 4:15:14 PM
175 verbose request using bearer token for auth
176 verbose etag W/"59b8b297-e73f"
177 verbose lastModified Wed, 13 Sep 2017 04:22:47 GMT
178 http request GET https://registry.npmjs.org/coffee-script
179 verbose request uri https://registry.npmjs.org/nan
180 verbose request no auth needed
181 info attempt registry request try #1 at 4:15:14 PM
182 verbose request using bearer token for auth
183 verbose etag W/"59c33594-20237"
184 verbose lastModified Thu, 21 Sep 2017 03:44:20 GMT
185 http request GET https://registry.npmjs.org/nan
186 http 200 https://registry.npmjs.org/repl
187 verbose headers { server: 'nginx/1.10.1',
187 verbose headers   'content-type': 'application/json',
187 verbose headers   'last-modified': 'Thu, 24 Aug 2017 03:01:39 GMT',
187 verbose headers   etag: 'W/"599e4193-d41"',
187 verbose headers   'content-encoding': 'gzip',
187 verbose headers   'cache-control': 'max-age=300',
187 verbose headers   'transfer-encoding': 'chunked',
187 verbose headers   'accept-ranges': 'bytes',
187 verbose headers   date: 'Sun, 24 Sep 2017 23:15:14 GMT',
187 verbose headers   via: '1.1 varnish',
187 verbose headers   connection: 'keep-alive',
187 verbose headers   'x-served-by': 'cache-sea1028-SEA',
187 verbose headers   'x-cache': 'MISS',
187 verbose headers   'x-cache-hits': '0',
187 verbose headers   'x-timer': 'S1506294915.807134,VS0,VE68',
187 verbose headers   vary: 'Accept-Encoding, Accept' }
188 silly get cb [ 200,
188 silly get   { server: 'nginx/1.10.1',
188 silly get     'content-type': 'application/json',
188 silly get     'last-modified': 'Thu, 24 Aug 2017 03:01:39 GMT',
188 silly get     etag: 'W/"599e4193-d41"',
188 silly get     'content-encoding': 'gzip',
188 silly get     'cache-control': 'max-age=300',
188 silly get     'transfer-encoding': 'chunked',
188 silly get     'accept-ranges': 'bytes',
188 silly get     date: 'Sun, 24 Sep 2017 23:15:14 GMT',
188 silly get     via: '1.1 varnish',
188 silly get     connection: 'keep-alive',
188 silly get     'x-served-by': 'cache-sea1028-SEA',
188 silly get     'x-cache': 'MISS',
188 silly get     'x-cache-hits': '0',
188 silly get     'x-timer': 'S1506294915.807134,VS0,VE68',
188 silly get     vary: 'Accept-Encoding, Accept' } ]
189 verbose get saving repl to /Users/sachinpatney/.npm/registry.npmjs.org/repl/.cache.json
190 verbose correctMkdir /Users/sachinpatney/.npm correctMkdir not in flight; initializing
191 http 200 https://registry.npmjs.org/coffee-script
192 verbose headers { server: 'nginx/1.10.1',
192 verbose headers   'content-type': 'application/json',
192 verbose headers   'last-modified': 'Sun, 24 Sep 2017 07:43:12 GMT',
192 verbose headers   etag: 'W/"59c76210-e72c"',
192 verbose headers   'content-encoding': 'gzip',
192 verbose headers   'cache-control': 'max-age=300',
192 verbose headers   'transfer-encoding': 'chunked',
192 verbose headers   'accept-ranges': 'bytes',
192 verbose headers   date: 'Sun, 24 Sep 2017 23:15:14 GMT',
192 verbose headers   via: '1.1 varnish',
192 verbose headers   connection: 'keep-alive',
192 verbose headers   'x-served-by': 'cache-sea1037-SEA',
192 verbose headers   'x-cache': 'MISS',
192 verbose headers   'x-cache-hits': '0',
192 verbose headers   'x-timer': 'S1506294915.865269,VS0,VE10',
192 verbose headers   vary: 'Accept-Encoding, Accept' }
193 silly get cb [ 200,
193 silly get   { server: 'nginx/1.10.1',
193 silly get     'content-type': 'application/json',
193 silly get     'last-modified': 'Sun, 24 Sep 2017 07:43:12 GMT',
193 silly get     etag: 'W/"59c76210-e72c"',
193 silly get     'content-encoding': 'gzip',
193 silly get     'cache-control': 'max-age=300',
193 silly get     'transfer-encoding': 'chunked',
193 silly get     'accept-ranges': 'bytes',
193 silly get     date: 'Sun, 24 Sep 2017 23:15:14 GMT',
193 silly get     via: '1.1 varnish',
193 silly get     connection: 'keep-alive',
193 silly get     'x-served-by': 'cache-sea1037-SEA',
193 silly get     'x-cache': 'MISS',
193 silly get     'x-cache-hits': '0',
193 silly get     'x-timer': 'S1506294915.865269,VS0,VE10',
193 silly get     vary: 'Accept-Encoding, Accept' } ]
194 verbose get saving coffee-script to /Users/sachinpatney/.npm/registry.npmjs.org/coffee-script/.cache.json
195 verbose correctMkdir /Users/sachinpatney/.npm correctMkdir not in flight; initializing
196 silly resolveWithNewModule repl@0.1.3 checking installable status
197 silly cache add args [ 'repl@0.1.3', null ]
198 verbose cache add spec repl@0.1.3
199 silly cache add parsed spec Result {
199 silly cache add   raw: 'repl@0.1.3',
199 silly cache add   scope: null,
199 silly cache add   escapedName: 'repl',
199 silly cache add   name: 'repl',
199 silly cache add   rawSpec: '0.1.3',
199 silly cache add   spec: '0.1.3',
199 silly cache add   type: 'version' }
200 silly addNamed repl@0.1.3
201 verbose addNamed "0.1.3" is a plain semver version for repl
202 silly mapToRegistry name repl
203 silly mapToRegistry using default registry
204 silly mapToRegistry registry https://registry.npmjs.org/
205 silly mapToRegistry data Result {
205 silly mapToRegistry   raw: 'repl',
205 silly mapToRegistry   scope: null,
205 silly mapToRegistry   escapedName: 'repl',
205 silly mapToRegistry   name: 'repl',
205 silly mapToRegistry   rawSpec: '',
205 silly mapToRegistry   spec: 'latest',
205 silly mapToRegistry   type: 'tag' }
206 silly mapToRegistry uri https://registry.npmjs.org/repl
207 verbose addNameVersion registry:https://registry.npmjs.org/repl not in flight; fetching
208 verbose get https://registry.npmjs.org/repl not expired, no request
209 silly mapToRegistry name repl
210 silly mapToRegistry using default registry
211 silly mapToRegistry registry https://registry.npmjs.org/
212 silly mapToRegistry data Result {
212 silly mapToRegistry   raw: 'repl',
212 silly mapToRegistry   scope: null,
212 silly mapToRegistry   escapedName: 'repl',
212 silly mapToRegistry   name: 'repl',
212 silly mapToRegistry   rawSpec: '',
212 silly mapToRegistry   spec: 'latest',
212 silly mapToRegistry   type: 'tag' }
213 silly mapToRegistry uri https://registry.npmjs.org/repl
214 verbose addRemoteTarball https://registry.npmjs.org/repl/-/repl-0.1.3.tgz not in flight; adding
215 verbose addRemoteTarball [ 'https://registry.npmjs.org/repl/-/repl-0.1.3.tgz',
215 verbose addRemoteTarball   '2f05d42b0c88b43d05ccbda10ed14aeff5699b60' ]
216 silly resolveWithNewModule coffee-script@1.9.1 checking installable status
217 silly cache add args [ 'coffee-script@1.9.1', null ]
218 verbose cache add spec coffee-script@1.9.1
219 silly cache add parsed spec Result {
219 silly cache add   raw: 'coffee-script@1.9.1',
219 silly cache add   scope: null,
219 silly cache add   escapedName: 'coffee-script',
219 silly cache add   name: 'coffee-script',
219 silly cache add   rawSpec: '1.9.1',
219 silly cache add   spec: '1.9.1',
219 silly cache add   type: 'version' }
220 silly addNamed coffee-script@1.9.1
221 verbose addNamed "1.9.1" is a plain semver version for coffee-script
222 silly mapToRegistry name coffee-script
223 silly mapToRegistry using default registry
224 silly mapToRegistry registry https://registry.npmjs.org/
225 silly mapToRegistry data Result {
225 silly mapToRegistry   raw: 'coffee-script',
225 silly mapToRegistry   scope: null,
225 silly mapToRegistry   escapedName: 'coffee-script',
225 silly mapToRegistry   name: 'coffee-script',
225 silly mapToRegistry   rawSpec: '',
225 silly mapToRegistry   spec: 'latest',
225 silly mapToRegistry   type: 'tag' }
226 silly mapToRegistry uri https://registry.npmjs.org/coffee-script
227 verbose addNameVersion registry:https://registry.npmjs.org/coffee-script not in flight; fetching
228 info retry fetch attempt 1 at 4:15:14 PM
229 info attempt registry request try #1 at 4:15:14 PM
230 http fetch GET https://registry.npmjs.org/repl/-/repl-0.1.3.tgz
231 verbose request using bearer token for auth
232 verbose get https://registry.npmjs.org/coffee-script not expired, no request
233 silly mapToRegistry name coffee-script
234 silly mapToRegistry using default registry
235 silly mapToRegistry registry https://registry.npmjs.org/
236 silly mapToRegistry data Result {
236 silly mapToRegistry   raw: 'coffee-script',
236 silly mapToRegistry   scope: null,
236 silly mapToRegistry   escapedName: 'coffee-script',
236 silly mapToRegistry   name: 'coffee-script',
236 silly mapToRegistry   rawSpec: '',
236 silly mapToRegistry   spec: 'latest',
236 silly mapToRegistry   type: 'tag' }
237 silly mapToRegistry uri https://registry.npmjs.org/coffee-script
238 verbose addRemoteTarball https://registry.npmjs.org/coffee-script/-/coffee-script-1.9.1.tgz not in flight; adding
239 verbose addRemoteTarball [ 'https://registry.npmjs.org/coffee-script/-/coffee-script-1.9.1.tgz',
239 verbose addRemoteTarball   'c458d02200f460d064a79cb6ab1ee6e2c9ca1c31' ]
240 info retry fetch attempt 1 at 4:15:14 PM
241 info attempt registry request try #1 at 4:15:14 PM
242 http fetch GET https://registry.npmjs.org/coffee-script/-/coffee-script-1.9.1.tgz
243 verbose request using bearer token for auth
244 http 304 https://registry.npmjs.org/bindings
245 verbose headers { server: 'nginx/1.10.3',
245 verbose headers   'last-modified': 'Fri, 08 Sep 2017 12:19:32 GMT',
245 verbose headers   etag: '"59b28ad4-4c18"',
245 verbose headers   'cache-control': 'max-age=300',
245 verbose headers   'accept-ranges': 'bytes',
245 verbose headers   date: 'Sun, 24 Sep 2017 23:15:14 GMT',
245 verbose headers   via: '1.1 varnish',
245 verbose headers   connection: 'keep-alive',
245 verbose headers   'x-served-by': 'cache-sea1041-SEA',
245 verbose headers   'x-cache': 'MISS',
245 verbose headers   'x-cache-hits': '0',
245 verbose headers   'x-timer': 'S1506294915.859125,VS0,VE71',
245 verbose headers   vary: 'Accept-Encoding, Accept' }
246 silly get cb [ 304,
246 silly get   { server: 'nginx/1.10.3',
246 silly get     'last-modified': 'Fri, 08 Sep 2017 12:19:32 GMT',
246 silly get     etag: '"59b28ad4-4c18"',
246 silly get     'cache-control': 'max-age=300',
246 silly get     'accept-ranges': 'bytes',
246 silly get     date: 'Sun, 24 Sep 2017 23:15:14 GMT',
246 silly get     via: '1.1 varnish',
246 silly get     connection: 'keep-alive',
246 silly get     'x-served-by': 'cache-sea1041-SEA',
246 silly get     'x-cache': 'MISS',
246 silly get     'x-cache-hits': '0',
246 silly get     'x-timer': 'S1506294915.859125,VS0,VE71',
246 silly get     vary: 'Accept-Encoding, Accept' } ]
247 verbose etag https://registry.npmjs.org/bindings from cache
248 verbose get saving bindings to /Users/sachinpatney/.npm/registry.npmjs.org/bindings/.cache.json
249 verbose correctMkdir /Users/sachinpatney/.npm correctMkdir not in flight; initializing
250 http 304 https://registry.npmjs.org/underscore
251 verbose headers { server: 'nginx/1.10.1',
251 verbose headers   'last-modified': 'Wed, 13 Sep 2017 10:59:10 GMT',
251 verbose headers   etag: '"59b90f7e-af9e"',
251 verbose headers   'cache-control': 'max-age=300',
251 verbose headers   'accept-ranges': 'bytes',
251 verbose headers   date: 'Sun, 24 Sep 2017 23:15:14 GMT',
251 verbose headers   via: '1.1 varnish',
251 verbose headers   connection: 'keep-alive',
251 verbose headers   'x-served-by': 'cache-sea1026-SEA',
251 verbose headers   'x-cache': 'MISS',
251 verbose headers   'x-cache-hits': '0',
251 verbose headers   'x-timer': 'S1506294915.859044,VS0,VE72',
251 verbose headers   vary: 'Accept-Encoding, Accept' }
252 silly get cb [ 304,
252 silly get   { server: 'nginx/1.10.1',
252 silly get     'last-modified': 'Wed, 13 Sep 2017 10:59:10 GMT',
252 silly get     etag: '"59b90f7e-af9e"',
252 silly get     'cache-control': 'max-age=300',
252 silly get     'accept-ranges': 'bytes',
252 silly get     date: 'Sun, 24 Sep 2017 23:15:14 GMT',
252 silly get     via: '1.1 varnish',
252 silly get     connection: 'keep-alive',
252 silly get     'x-served-by': 'cache-sea1026-SEA',
252 silly get     'x-cache': 'MISS',
252 silly get     'x-cache-hits': '0',
252 silly get     'x-timer': 'S1506294915.859044,VS0,VE72',
252 silly get     vary: 'Accept-Encoding, Accept' } ]
253 verbose etag https://registry.npmjs.org/underscore from cache
254 verbose get saving underscore to /Users/sachinpatney/.npm/registry.npmjs.org/underscore/.cache.json
255 verbose correctMkdir /Users/sachinpatney/.npm correctMkdir not in flight; initializing
256 http 304 https://registry.npmjs.org/nan
257 verbose headers { server: 'nginx/1.10.1',
257 verbose headers   'last-modified': 'Thu, 21 Sep 2017 03:44:20 GMT',
257 verbose headers   etag: '"59c33594-20237"',
257 verbose headers   'cache-control': 'max-age=300',
257 verbose headers   'accept-ranges': 'bytes',
257 verbose headers   date: 'Sun, 24 Sep 2017 23:15:14 GMT',
257 verbose headers   via: '1.1 varnish',
257 verbose headers   connection: 'keep-alive',
257 verbose headers   'x-served-by': 'cache-sea1039-SEA',
257 verbose headers   'x-cache': 'MISS',
257 verbose headers   'x-cache-hits': '0',
257 verbose headers   'x-timer': 'S1506294915.865042,VS0,VE68',
257 verbose headers   vary: 'Accept-Encoding, Accept' }
258 silly get cb [ 304,
258 silly get   { server: 'nginx/1.10.1',
258 silly get     'last-modified': 'Thu, 21 Sep 2017 03:44:20 GMT',
258 silly get     etag: '"59c33594-20237"',
258 silly get     'cache-control': 'max-age=300',
258 silly get     'accept-ranges': 'bytes',
258 silly get     date: 'Sun, 24 Sep 2017 23:15:14 GMT',
258 silly get     via: '1.1 varnish',
258 silly get     connection: 'keep-alive',
258 silly get     'x-served-by': 'cache-sea1039-SEA',
258 silly get     'x-cache': 'MISS',
258 silly get     'x-cache-hits': '0',
258 silly get     'x-timer': 'S1506294915.865042,VS0,VE68',
258 silly get     vary: 'Accept-Encoding, Accept' } ]
259 verbose etag https://registry.npmjs.org/nan from cache
260 verbose get saving nan to /Users/sachinpatney/.npm/registry.npmjs.org/nan/.cache.json
261 verbose correctMkdir /Users/sachinpatney/.npm correctMkdir not in flight; initializing
262 silly resolveWithNewModule bindings@1.2.1 checking installable status
263 silly cache add args [ 'bindings@1.2.1', null ]
264 verbose cache add spec bindings@1.2.1
265 silly cache add parsed spec Result {
265 silly cache add   raw: 'bindings@1.2.1',
265 silly cache add   scope: null,
265 silly cache add   escapedName: 'bindings',
265 silly cache add   name: 'bindings',
265 silly cache add   rawSpec: '1.2.1',
265 silly cache add   spec: '1.2.1',
265 silly cache add   type: 'version' }
266 silly addNamed bindings@1.2.1
267 verbose addNamed "1.2.1" is a plain semver version for bindings
268 silly mapToRegistry name bindings
269 silly mapToRegistry using default registry
270 silly mapToRegistry registry https://registry.npmjs.org/
271 silly mapToRegistry data Result {
271 silly mapToRegistry   raw: 'bindings',
271 silly mapToRegistry   scope: null,
271 silly mapToRegistry   escapedName: 'bindings',
271 silly mapToRegistry   name: 'bindings',
271 silly mapToRegistry   rawSpec: '',
271 silly mapToRegistry   spec: 'latest',
271 silly mapToRegistry   type: 'tag' }
272 silly mapToRegistry uri https://registry.npmjs.org/bindings
273 verbose addNameVersion registry:https://registry.npmjs.org/bindings not in flight; fetching
274 verbose get https://registry.npmjs.org/bindings not expired, no request
275 silly resolveWithNewModule nan@2.3.5 checking installable status
276 silly cache add args [ 'nan@~2.3.5', null ]
277 verbose cache add spec nan@~2.3.5
278 silly cache add parsed spec Result {
278 silly cache add   raw: 'nan@~2.3.5',
278 silly cache add   scope: null,
278 silly cache add   escapedName: 'nan',
278 silly cache add   name: 'nan',
278 silly cache add   rawSpec: '~2.3.5',
278 silly cache add   spec: '>=2.3.5 <2.4.0',
278 silly cache add   type: 'range' }
279 silly addNamed nan@>=2.3.5 <2.4.0
280 verbose addNamed ">=2.3.5 <2.4.0" is a valid semver range for nan
281 silly addNameRange { name: 'nan', range: '>=2.3.5 <2.4.0', hasData: false }
282 silly mapToRegistry name nan
283 silly mapToRegistry using default registry
284 silly mapToRegistry registry https://registry.npmjs.org/
285 silly mapToRegistry data Result {
285 silly mapToRegistry   raw: 'nan',
285 silly mapToRegistry   scope: null,
285 silly mapToRegistry   escapedName: 'nan',
285 silly mapToRegistry   name: 'nan',
285 silly mapToRegistry   rawSpec: '',
285 silly mapToRegistry   spec: 'latest',
285 silly mapToRegistry   type: 'tag' }
286 silly mapToRegistry uri https://registry.npmjs.org/nan
287 verbose addNameRange registry:https://registry.npmjs.org/nan not in flight; fetching
288 silly resolveWithNewModule underscore@1.8.2 checking installable status
289 silly cache add args [ 'underscore@1.8.2', null ]
290 verbose cache add spec underscore@1.8.2
291 silly cache add parsed spec Result {
291 silly cache add   raw: 'underscore@1.8.2',
291 silly cache add   scope: null,
291 silly cache add   escapedName: 'underscore',
291 silly cache add   name: 'underscore',
291 silly cache add   rawSpec: '1.8.2',
291 silly cache add   spec: '1.8.2',
291 silly cache add   type: 'version' }
292 silly addNamed underscore@1.8.2
293 verbose addNamed "1.8.2" is a plain semver version for underscore
294 silly mapToRegistry name underscore
295 silly mapToRegistry using default registry
296 silly mapToRegistry registry https://registry.npmjs.org/
297 silly mapToRegistry data Result {
297 silly mapToRegistry   raw: 'underscore',
297 silly mapToRegistry   scope: null,
297 silly mapToRegistry   escapedName: 'underscore',
297 silly mapToRegistry   name: 'underscore',
297 silly mapToRegistry   rawSpec: '',
297 silly mapToRegistry   spec: 'latest',
297 silly mapToRegistry   type: 'tag' }
298 silly mapToRegistry uri https://registry.npmjs.org/underscore
299 verbose addNameVersion registry:https://registry.npmjs.org/underscore not in flight; fetching
300 verbose get https://registry.npmjs.org/nan not expired, no request
301 silly addNameRange number 2 { name: 'nan', range: '>=2.3.5 <2.4.0', hasData: true }
302 silly addNameRange versions [ 'nan',
302 silly addNameRange   [ '0.3.0-wip',
302 silly addNameRange     '0.3.0-wip2',
302 silly addNameRange     '0.3.0',
302 silly addNameRange     '0.3.1',
302 silly addNameRange     '0.3.2',
302 silly addNameRange     '0.4.0',
302 silly addNameRange     '0.4.1',
302 silly addNameRange     '0.4.2',
302 silly addNameRange     '0.4.3',
302 silly addNameRange     '0.4.4',
302 silly addNameRange     '0.5.0',
302 silly addNameRange     '0.5.1',
302 silly addNameRange     '0.5.2',
302 silly addNameRange     '0.6.0',
302 silly addNameRange     '0.7.0',
302 silly addNameRange     '0.7.1',
302 silly addNameRange     '0.8.0',
302 silly addNameRange     '1.0.0',
302 silly addNameRange     '1.1.0',
302 silly addNameRange     '1.1.1',
302 silly addNameRange     '1.1.2',
302 silly addNameRange     '1.2.0',
302 silly addNameRange     '1.3.0',
302 silly addNameRange     '1.4.0',
302 silly addNameRange     '1.4.1',
302 silly addNameRange     '1.5.0',
302 silly addNameRange     '1.4.2',
302 silly addNameRange     '1.4.3',
302 silly addNameRange     '1.5.1',
302 silly addNameRange     '1.5.2',
302 silly addNameRange     '1.6.0',
302 silly addNameRange     '1.5.3',
302 silly addNameRange     '1.6.1',
302 silly addNameRange     '1.6.2',
302 silly addNameRange     '1.7.0',
302 silly addNameRange     '1.8.0',
302 silly addNameRange     '1.8.1',
302 silly addNameRange     '1.8.2',
302 silly addNameRange     '1.8.3',
302 silly addNameRange     '1.8.4',
302 silly addNameRange     '1.9.0',
302 silly addNameRange     '2.0.0',
302 silly addNameRange     '2.0.1',
302 silly addNameRange     '2.0.2',
302 silly addNameRange     '2.0.3',
302 silly addNameRange     '2.0.4',
302 silly addNameRange     '2.0.5',
302 silly addNameRange     '2.0.6',
302 silly addNameRange     '2.0.7',
302 silly addNameRange     '2.0.8',
302 silly addNameRange     '2.0.9',
302 silly addNameRange     '2.1.0',
302 silly addNameRange     '2.2.0',
302 silly addNameRange     '2.2.1',
302 silly addNameRange     '2.3.0',
302 silly addNameRange     '2.3.1',
302 silly addNameRange     '2.3.2',
302 silly addNameRange     '2.3.3',
302 silly addNameRange     '2.3.4',
302 silly addNameRange     '2.3.5',
302 silly addNameRange     '2.4.0',
302 silly addNameRange     '2.5.0',
302 silly addNameRange     '2.5.1',
302 silly addNameRange     '2.6.0',
302 silly addNameRange     '2.6.1',
302 silly addNameRange     '2.6.2',
302 silly addNameRange     '2.7.0' ] ]
303 silly addNamed nan@2.3.5
304 verbose addNamed "2.3.5" is a plain semver version for nan
305 verbose get https://registry.npmjs.org/underscore not expired, no request
306 silly mapToRegistry name nan
307 silly mapToRegistry using default registry
308 silly mapToRegistry registry https://registry.npmjs.org/
309 silly mapToRegistry data Result {
309 silly mapToRegistry   raw: 'nan',
309 silly mapToRegistry   scope: null,
309 silly mapToRegistry   escapedName: 'nan',
309 silly mapToRegistry   name: 'nan',
309 silly mapToRegistry   rawSpec: '',
309 silly mapToRegistry   spec: 'latest',
309 silly mapToRegistry   type: 'tag' }
310 silly mapToRegistry uri https://registry.npmjs.org/nan
311 verbose addRemoteTarball https://registry.npmjs.org/nan/-/nan-2.3.5.tgz not in flight; adding
312 verbose addRemoteTarball [ 'https://registry.npmjs.org/nan/-/nan-2.3.5.tgz',
312 verbose addRemoteTarball   '822a0dc266290ce4cd3a12282ca3e7e364668a08' ]
313 silly mapToRegistry name underscore
314 silly mapToRegistry using default registry
315 silly mapToRegistry registry https://registry.npmjs.org/
316 silly mapToRegistry data Result {
316 silly mapToRegistry   raw: 'underscore',
316 silly mapToRegistry   scope: null,
316 silly mapToRegistry   escapedName: 'underscore',
316 silly mapToRegistry   name: 'underscore',
316 silly mapToRegistry   rawSpec: '',
316 silly mapToRegistry   spec: 'latest',
316 silly mapToRegistry   type: 'tag' }
317 silly mapToRegistry uri https://registry.npmjs.org/underscore
318 verbose addRemoteTarball https://registry.npmjs.org/underscore/-/underscore-1.8.2.tgz not in flight; adding
319 verbose addRemoteTarball [ 'https://registry.npmjs.org/underscore/-/underscore-1.8.2.tgz',
319 verbose addRemoteTarball   '64df2eb590899de950782f3735190ba42ebf311d' ]
320 silly cache afterAdd bindings@1.2.1
321 verbose afterAdd /Users/sachinpatney/.npm/bindings/1.2.1/package/package.json not in flight; writing
322 verbose correctMkdir /Users/sachinpatney/.npm correctMkdir not in flight; initializing
323 info retry fetch attempt 1 at 4:15:14 PM
324 info attempt registry request try #1 at 4:15:14 PM
325 http fetch GET https://registry.npmjs.org/nan/-/nan-2.3.5.tgz
326 verbose request using bearer token for auth
327 info retry fetch attempt 1 at 4:15:14 PM
328 info attempt registry request try #1 at 4:15:14 PM
329 http fetch GET https://registry.npmjs.org/underscore/-/underscore-1.8.2.tgz
330 verbose request using bearer token for auth
331 verbose afterAdd /Users/sachinpatney/.npm/bindings/1.2.1/package/package.json written
332 http fetch 200 https://registry.npmjs.org/repl/-/repl-0.1.3.tgz
333 silly fetchAndShaCheck shasum 2f05d42b0c88b43d05ccbda10ed14aeff5699b60
334 verbose addTmpTarball /var/folders/0x/cqfrxqmj435fm4vrz19kgfs40000gn/T/npm-9902-fe009003/registry.npmjs.org/repl/-/repl-0.1.3.tgz not in flight; adding
335 verbose addTmpTarball already have metadata; skipping unpack for repl@0.1.3
336 verbose correctMkdir /Users/sachinpatney/.npm correctMkdir not in flight; initializing
337 silly cache afterAdd repl@0.1.3
338 verbose afterAdd /Users/sachinpatney/.npm/repl/0.1.3/package/package.json not in flight; writing
339 verbose correctMkdir /Users/sachinpatney/.npm correctMkdir not in flight; initializing
340 verbose afterAdd /Users/sachinpatney/.npm/repl/0.1.3/package/package.json written
341 http fetch 200 https://registry.npmjs.org/coffee-script/-/coffee-script-1.9.1.tgz
342 http fetch 200 https://registry.npmjs.org/underscore/-/underscore-1.8.2.tgz
343 http fetch 200 https://registry.npmjs.org/nan/-/nan-2.3.5.tgz
344 silly fetchAndShaCheck shasum 64df2eb590899de950782f3735190ba42ebf311d
345 verbose addTmpTarball /var/folders/0x/cqfrxqmj435fm4vrz19kgfs40000gn/T/npm-9902-fe009003/registry.npmjs.org/underscore/-/underscore-1.8.2.tgz not in flight; adding
346 verbose addTmpTarball already have metadata; skipping unpack for underscore@1.8.2
347 verbose correctMkdir /Users/sachinpatney/.npm correctMkdir not in flight; initializing
348 silly fetchAndShaCheck shasum 822a0dc266290ce4cd3a12282ca3e7e364668a08
349 verbose addTmpTarball /var/folders/0x/cqfrxqmj435fm4vrz19kgfs40000gn/T/npm-9902-fe009003/registry.npmjs.org/nan/-/nan-2.3.5.tgz not in flight; adding
350 verbose addTmpTarball already have metadata; skipping unpack for nan@2.3.5
351 verbose correctMkdir /Users/sachinpatney/.npm correctMkdir not in flight; initializing
352 silly cache afterAdd underscore@1.8.2
353 verbose afterAdd /Users/sachinpatney/.npm/underscore/1.8.2/package/package.json not in flight; writing
354 verbose correctMkdir /Users/sachinpatney/.npm correctMkdir not in flight; initializing
355 verbose afterAdd /Users/sachinpatney/.npm/underscore/1.8.2/package/package.json written
356 silly cache afterAdd nan@2.3.5
357 verbose afterAdd /Users/sachinpatney/.npm/nan/2.3.5/package/package.json not in flight; writing
358 verbose correctMkdir /Users/sachinpatney/.npm correctMkdir not in flight; initializing
359 verbose afterAdd /Users/sachinpatney/.npm/nan/2.3.5/package/package.json written
360 silly fetchAndShaCheck shasum c458d02200f460d064a79cb6ab1ee6e2c9ca1c31
361 verbose addTmpTarball /var/folders/0x/cqfrxqmj435fm4vrz19kgfs40000gn/T/npm-9902-fe009003/registry.npmjs.org/coffee-script/-/coffee-script-1.9.1.tgz not in flight; adding
362 verbose addTmpTarball already have metadata; skipping unpack for coffee-script@1.9.1
363 verbose correctMkdir /Users/sachinpatney/.npm correctMkdir not in flight; initializing
364 silly cache afterAdd coffee-script@1.9.1
365 verbose afterAdd /Users/sachinpatney/.npm/coffee-script/1.9.1/package/package.json not in flight; writing
366 verbose correctMkdir /Users/sachinpatney/.npm correctMkdir not in flight; initializing
367 verbose afterAdd /Users/sachinpatney/.npm/coffee-script/1.9.1/package/package.json written
368 silly loadAllDepsIntoIdealTree Finishing
369 silly loadIdealTree Finishing
370 silly currentTree home-iot@1.0.0
370 silly currentTree ├── accepts@1.3.4
370 silly currentTree ├── array-flatten@1.1.1
370 silly currentTree ├── bindings@1.3.0
370 silly currentTree ├─┬ body-parser@1.18.2
370 silly currentTree │ ├── debug@2.6.9
370 silly currentTree │ └── qs@6.5.1
370 silly currentTree ├── bytes@3.0.0
370 silly currentTree ├── commander@2.11.0
370 silly currentTree ├── content-disposition@0.5.2
370 silly currentTree ├── content-type@1.0.4
370 silly currentTree ├── cookie-signature@1.0.6
370 silly currentTree ├── cookie@0.3.1
370 silly currentTree ├── cors@2.8.4
370 silly currentTree ├── debug@2.6.8
370 silly currentTree ├── depd@1.1.1
370 silly currentTree ├── destroy@1.0.4
370 silly currentTree ├── ee-first@1.1.1
370 silly currentTree ├── encodeurl@1.0.1
370 silly currentTree ├── escape-html@1.0.3
370 silly currentTree ├── etag@1.8.1
370 silly currentTree ├── express@4.15.4
370 silly currentTree ├─┬ finalhandler@1.0.6
370 silly currentTree │ └── debug@2.6.9
370 silly currentTree ├── forwarded@0.1.2
370 silly currentTree ├── fresh@0.5.0
370 silly currentTree ├── http-errors@1.6.2
370 silly currentTree ├── iconv-lite@0.4.19
370 silly currentTree ├── inherits@2.0.3
370 silly currentTree ├── ipaddr.js@1.4.0
370 silly currentTree ├── media-typer@0.3.0
370 silly currentTree ├── merge-descriptors@1.0.1
370 silly currentTree ├── methods@1.1.2
370 silly currentTree ├── mime-db@1.30.0
370 silly currentTree ├── mime-types@2.1.17
370 silly currentTree ├── mime@1.3.4
370 silly currentTree ├── ms@2.0.0
370 silly currentTree ├── nan@2.7.0
370 silly currentTree ├── nanotimer@0.3.15
370 silly currentTree ├── negotiator@0.6.1
370 silly currentTree ├── object-assign@4.1.1
370 silly currentTree ├── on-finished@2.3.0
370 silly currentTree ├── parseurl@1.3.2
370 silly currentTree ├── path-to-regexp@0.1.7
370 silly currentTree ├── promirepl@1.0.1
370 silly currentTree ├── proxy-addr@1.1.5
370 silly currentTree ├── qs@6.5.0
370 silly currentTree ├── range-parser@1.2.0
370 silly currentTree ├── raw-body@2.3.2
370 silly currentTree ├── send@0.15.4
370 silly currentTree ├─┬ serialport@5.0.0
370 silly currentTree │ ├── abbrev@1.1.0
370 silly currentTree │ ├── ajv@4.11.8
370 silly currentTree │ ├── ansi-regex@2.1.1
370 silly currentTree │ ├── aproba@1.1.2
370 silly currentTree │ ├── are-we-there-yet@1.1.4
370 silly currentTree │ ├── asn1@0.2.3
370 silly currentTree │ ├── assert-plus@0.2.0
370 silly currentTree │ ├── asynckit@0.4.0
370 silly currentTree │ ├── aws-sign2@0.6.0
370 silly currentTree │ ├── aws4@1.6.0
370 silly currentTree │ ├── balanced-match@1.0.0
370 silly currentTree │ ├── bcrypt-pbkdf@1.0.1
370 silly currentTree │ ├── block-stream@0.0.9
370 silly currentTree │ ├── boom@2.10.1
370 silly currentTree │ ├── brace-expansion@1.1.8
370 silly currentTree │ ├── caseless@0.12.0
370 silly currentTree │ ├── co@4.6.0
370 silly currentTree │ ├── code-point-at@1.1.0
370 silly currentTree │ ├── combined-stream@1.0.5
370 silly currentTree │ ├── concat-map@0.0.1
370 silly currentTree │ ├── console-control-strings@1.1.0
370 silly currentTree │ ├── core-util-is@1.0.2
370 silly currentTree │ ├── cryptiles@2.0.5
370 silly currentTree │ ├─┬ dashdash@1.14.1
370 silly currentTree │ │ └── assert-plus@1.0.0
370 silly currentTree │ ├── debug@2.6.8
370 silly currentTree │ ├── deep-extend@0.4.2
370 silly currentTree │ ├── delayed-stream@1.0.0
370 silly currentTree │ ├── delegates@1.0.0
370 silly currentTree │ ├── ecc-jsbn@0.1.1
370 silly currentTree │ ├── extend@3.0.1
370 silly currentTree │ ├── extsprintf@1.0.2
370 silly currentTree │ ├── forever-agent@0.6.1
370 silly currentTree │ ├── form-data@2.1.4
370 silly currentTree │ ├── fs.realpath@1.0.0
370 silly currentTree │ ├── fstream-ignore@1.0.5
370 silly currentTree │ ├── fstream@1.0.11
370 silly currentTree │ ├── gauge@2.7.4
370 silly currentTree │ ├─┬ getpass@0.1.7
370 silly currentTree │ │ └── assert-plus@1.0.0
370 silly currentTree │ ├── glob@7.1.2
370 silly currentTree │ ├── graceful-fs@4.1.11
370 silly currentTree │ ├── har-schema@1.0.5
370 silly currentTree │ ├── har-validator@4.2.1
370 silly currentTree │ ├── has-unicode@2.0.1
370 silly currentTree │ ├── hawk@3.1.3
370 silly currentTree │ ├── hoek@2.16.3
370 silly currentTree │ ├── http-signature@1.1.1
370 silly currentTree │ ├── inflight@1.0.6
370 silly currentTree │ ├── inherits@2.0.3
370 silly currentTree │ ├── ini@1.3.4
370 silly currentTree │ ├── is-fullwidth-code-point@1.0.0
370 silly currentTree │ ├── is-typedarray@1.0.0
370 silly currentTree │ ├── isarray@1.0.0
370 silly currentTree │ ├── isstream@0.1.2
370 silly currentTree │ ├── jsbn@0.1.1
370 silly currentTree │ ├── json-schema@0.2.3
370 silly currentTree │ ├── json-stable-stringify@1.0.1
370 silly currentTree │ ├── json-stringify-safe@5.0.1
370 silly currentTree │ ├── jsonify@0.0.0
370 silly currentTree │ ├─┬ jsprim@1.4.0
370 silly currentTree │ │ └── assert-plus@1.0.0
370 silly currentTree │ ├── mime-db@1.29.0
370 silly currentTree │ ├── mime-types@2.1.16
370 silly currentTree │ ├── minimatch@3.0.4
370 silly currentTree │ ├── minimist@0.0.8
370 silly currentTree │ ├── mkdirp@0.5.1
370 silly currentTree │ ├── ms@2.0.0
370 silly currentTree │ ├── node-pre-gyp@0.6.36
370 silly currentTree │ ├── nopt@4.0.1
370 silly currentTree │ ├── npmlog@4.1.2
370 silly currentTree │ ├── number-is-nan@1.0.1
370 silly currentTree │ ├── oauth-sign@0.8.2
370 silly currentTree │ ├── object-assign@4.1.1
370 silly currentTree │ ├── once@1.4.0
370 silly currentTree │ ├── os-homedir@1.0.2
370 silly currentTree │ ├── os-tmpdir@1.0.2
370 silly currentTree │ ├── osenv@0.1.4
370 silly currentTree │ ├── path-is-absolute@1.0.1
370 silly currentTree │ ├── performance-now@0.2.0
370 silly currentTree │ ├── process-nextick-args@1.0.7
370 silly currentTree │ ├── punycode@1.4.1
370 silly currentTree │ ├── qs@6.4.0
370 silly currentTree │ ├─┬ rc@1.2.1
370 silly currentTree │ │ └── minimist@1.2.0
370 silly currentTree │ ├── readable-stream@2.3.3
370 silly currentTree │ ├── request@2.81.0
370 silly currentTree │ ├── rimraf@2.6.1
370 silly currentTree │ ├── safe-buffer@5.1.1
370 silly currentTree │ ├── semver@5.4.1
370 silly currentTree │ ├── set-blocking@2.0.0
370 silly currentTree │ ├── signal-exit@3.0.2
370 silly currentTree │ ├── sntp@1.0.9
370 silly currentTree │ ├─┬ sshpk@1.13.1
370 silly currentTree │ │ └── assert-plus@1.0.0
370 silly currentTree │ ├── string_decoder@1.0.3
370 silly currentTree │ ├── string-width@1.0.2
370 silly currentTree │ ├── stringstream@0.0.5
370 silly currentTree │ ├── strip-ansi@3.0.1
370 silly currentTree │ ├── strip-json-comments@2.0.1
370 silly currentTree │ ├── tar-pack@3.4.0
370 silly currentTree │ ├── tar@2.2.1
370 silly currentTree │ ├── tough-cookie@2.3.2
370 silly currentTree │ ├── tunnel-agent@0.6.0
370 silly currentTree │ ├── tweetnacl@0.14.5
370 silly currentTree │ ├── uid-number@0.0.6
370 silly currentTree │ ├── util-deprecate@1.0.2
370 silly currentTree │ ├── uuid@3.1.0
370 silly currentTree │ ├── verror@1.3.6
370 silly currentTree │ ├── wide-align@1.1.2
370 silly currentTree │ └── wrappy@1.0.2
370 silly currentTree ├── serve-static@1.12.4
370 silly currentTree ├── setprototypeof@1.0.3
370 silly currentTree ├── statuses@1.3.1
370 silly currentTree ├── type-is@1.6.15
370 silly currentTree ├── unpipe@1.0.0
370 silly currentTree ├── utils-merge@1.0.0
370 silly currentTree └── vary@1.1.2
371 silly idealTree home-iot@1.0.0
371 silly idealTree ├── accepts@1.3.4
371 silly idealTree ├── adafruit-i2c-pwm-driver@0.2.1
371 silly idealTree ├── array-flatten@1.1.1
371 silly idealTree ├── bindings@1.3.0
371 silly idealTree ├─┬ body-parser@1.18.2
371 silly idealTree │ ├── debug@2.6.9
371 silly idealTree │ └── qs@6.5.1
371 silly idealTree ├── bytes@3.0.0
371 silly idealTree ├── coffee-script@1.9.1
371 silly idealTree ├── commander@2.11.0
371 silly idealTree ├── content-disposition@0.5.2
371 silly idealTree ├── content-type@1.0.4
371 silly idealTree ├── cookie-signature@1.0.6
371 silly idealTree ├── cookie@0.3.1
371 silly idealTree ├── cors@2.8.4
371 silly idealTree ├── debug@2.6.8
371 silly idealTree ├── depd@1.1.1
371 silly idealTree ├── destroy@1.0.4
371 silly idealTree ├── ee-first@1.1.1
371 silly idealTree ├── encodeurl@1.0.1
371 silly idealTree ├── escape-html@1.0.3
371 silly idealTree ├── etag@1.8.1
371 silly idealTree ├── express@4.15.4
371 silly idealTree ├─┬ finalhandler@1.0.6
371 silly idealTree │ └── debug@2.6.9
371 silly idealTree ├── forwarded@0.1.2
371 silly idealTree ├── fresh@0.5.0
371 silly idealTree ├── http-errors@1.6.2
371 silly idealTree ├─┬ i2c@0.2.3
371 silly idealTree │ ├── bindings@1.2.1
371 silly idealTree │ └── nan@2.3.5
371 silly idealTree ├── iconv-lite@0.4.19
371 silly idealTree ├── inherits@2.0.3
371 silly idealTree ├── ipaddr.js@1.4.0
371 silly idealTree ├── media-typer@0.3.0
371 silly idealTree ├── merge-descriptors@1.0.1
371 silly idealTree ├── methods@1.1.2
371 silly idealTree ├── mime-db@1.30.0
371 silly idealTree ├── mime-types@2.1.17
371 silly idealTree ├── mime@1.3.4
371 silly idealTree ├── ms@2.0.0
371 silly idealTree ├── nan@2.7.0
371 silly idealTree ├── nanotimer@0.3.15
371 silly idealTree ├── negotiator@0.6.1
371 silly idealTree ├── object-assign@4.1.1
371 silly idealTree ├── on-finished@2.3.0
371 silly idealTree ├── parseurl@1.3.2
371 silly idealTree ├── path-to-regexp@0.1.7
371 silly idealTree ├── promirepl@1.0.1
371 silly idealTree ├── proxy-addr@1.1.5
371 silly idealTree ├── qs@6.5.0
371 silly idealTree ├── range-parser@1.2.0
371 silly idealTree ├── raw-body@2.3.2
371 silly idealTree ├── repl@0.1.3
371 silly idealTree ├── send@0.15.4
371 silly idealTree ├─┬ serialport@5.0.0
371 silly idealTree │ ├── abbrev@1.1.0
371 silly idealTree │ ├── ajv@4.11.8
371 silly idealTree │ ├── ansi-regex@2.1.1
371 silly idealTree │ ├── aproba@1.1.2
371 silly idealTree │ ├── are-we-there-yet@1.1.4
371 silly idealTree │ ├── asn1@0.2.3
371 silly idealTree │ ├── assert-plus@0.2.0
371 silly idealTree │ ├── asynckit@0.4.0
371 silly idealTree │ ├── aws-sign2@0.6.0
371 silly idealTree │ ├── aws4@1.6.0
371 silly idealTree │ ├── balanced-match@1.0.0
371 silly idealTree │ ├── bcrypt-pbkdf@1.0.1
371 silly idealTree │ ├── block-stream@0.0.9
371 silly idealTree │ ├── boom@2.10.1
371 silly idealTree │ ├── brace-expansion@1.1.8
371 silly idealTree │ ├── caseless@0.12.0
371 silly idealTree │ ├── co@4.6.0
371 silly idealTree │ ├── code-point-at@1.1.0
371 silly idealTree │ ├── combined-stream@1.0.5
371 silly idealTree │ ├── concat-map@0.0.1
371 silly idealTree │ ├── console-control-strings@1.1.0
371 silly idealTree │ ├── core-util-is@1.0.2
371 silly idealTree │ ├── cryptiles@2.0.5
371 silly idealTree │ ├─┬ dashdash@1.14.1
371 silly idealTree │ │ └── assert-plus@1.0.0
371 silly idealTree │ ├── debug@2.6.8
371 silly idealTree │ ├── deep-extend@0.4.2
371 silly idealTree │ ├── delayed-stream@1.0.0
371 silly idealTree │ ├── delegates@1.0.0
371 silly idealTree │ ├── ecc-jsbn@0.1.1
371 silly idealTree │ ├── extend@3.0.1
371 silly idealTree │ ├── extsprintf@1.0.2
371 silly idealTree │ ├── forever-agent@0.6.1
371 silly idealTree │ ├── form-data@2.1.4
371 silly idealTree │ ├── fs.realpath@1.0.0
371 silly idealTree │ ├── fstream-ignore@1.0.5
371 silly idealTree │ ├── fstream@1.0.11
371 silly idealTree │ ├── gauge@2.7.4
371 silly idealTree │ ├─┬ getpass@0.1.7
371 silly idealTree │ │ └── assert-plus@1.0.0
371 silly idealTree │ ├── glob@7.1.2
371 silly idealTree │ ├── graceful-fs@4.1.11
371 silly idealTree │ ├── har-schema@1.0.5
371 silly idealTree │ ├── har-validator@4.2.1
371 silly idealTree │ ├── has-unicode@2.0.1
371 silly idealTree │ ├── hawk@3.1.3
371 silly idealTree │ ├── hoek@2.16.3
371 silly idealTree │ ├── http-signature@1.1.1
371 silly idealTree │ ├── inflight@1.0.6
371 silly idealTree │ ├── inherits@2.0.3
371 silly idealTree │ ├── ini@1.3.4
371 silly idealTree │ ├── is-fullwidth-code-point@1.0.0
371 silly idealTree │ ├── is-typedarray@1.0.0
371 silly idealTree │ ├── isarray@1.0.0
371 silly idealTree │ ├── isstream@0.1.2
371 silly idealTree │ ├── jsbn@0.1.1
371 silly idealTree │ ├── json-schema@0.2.3
371 silly idealTree │ ├── json-stable-stringify@1.0.1
371 silly idealTree │ ├── json-stringify-safe@5.0.1
371 silly idealTree │ ├── jsonify@0.0.0
371 silly idealTree │ ├─┬ jsprim@1.4.0
371 silly idealTree │ │ └── assert-plus@1.0.0
371 silly idealTree │ ├── mime-db@1.29.0
371 silly idealTree │ ├── mime-types@2.1.16
371 silly idealTree │ ├── minimatch@3.0.4
371 silly idealTree │ ├── minimist@0.0.8
371 silly idealTree │ ├── mkdirp@0.5.1
371 silly idealTree │ ├── ms@2.0.0
371 silly idealTree │ ├── node-pre-gyp@0.6.36
371 silly idealTree │ ├── nopt@4.0.1
371 silly idealTree │ ├── npmlog@4.1.2
371 silly idealTree │ ├── number-is-nan@1.0.1
371 silly idealTree │ ├── oauth-sign@0.8.2
371 silly idealTree │ ├── object-assign@4.1.1
371 silly idealTree │ ├── once@1.4.0
371 silly idealTree │ ├── os-homedir@1.0.2
371 silly idealTree │ ├── os-tmpdir@1.0.2
371 silly idealTree │ ├── osenv@0.1.4
371 silly idealTree │ ├── path-is-absolute@1.0.1
371 silly idealTree │ ├── performance-now@0.2.0
371 silly idealTree │ ├── process-nextick-args@1.0.7
371 silly idealTree │ ├── punycode@1.4.1
371 silly idealTree │ ├── qs@6.4.0
371 silly idealTree │ ├─┬ rc@1.2.1
371 silly idealTree │ │ └── minimist@1.2.0
371 silly idealTree │ ├── readable-stream@2.3.3
371 silly idealTree │ ├── request@2.81.0
371 silly idealTree │ ├── rimraf@2.6.1
371 silly idealTree │ ├── safe-buffer@5.1.1
371 silly idealTree │ ├── semver@5.4.1
371 silly idealTree │ ├── set-blocking@2.0.0
371 silly idealTree │ ├── signal-exit@3.0.2
371 silly idealTree │ ├── sntp@1.0.9
371 silly idealTree │ ├─┬ sshpk@1.13.1
371 silly idealTree │ │ └── assert-plus@1.0.0
371 silly idealTree │ ├── string_decoder@1.0.3
371 silly idealTree │ ├── string-width@1.0.2
371 silly idealTree │ ├── stringstream@0.0.5
371 silly idealTree │ ├── strip-ansi@3.0.1
371 silly idealTree │ ├── strip-json-comments@2.0.1
371 silly idealTree │ ├── tar-pack@3.4.0
371 silly idealTree │ ├── tar@2.2.1
371 silly idealTree │ ├── tough-cookie@2.3.2
371 silly idealTree │ ├── tunnel-agent@0.6.0
371 silly idealTree │ ├── tweetnacl@0.14.5
371 silly idealTree │ ├── uid-number@0.0.6
371 silly idealTree │ ├── util-deprecate@1.0.2
371 silly idealTree │ ├── uuid@3.1.0
371 silly idealTree │ ├── verror@1.3.6
371 silly idealTree │ ├── wide-align@1.1.2
371 silly idealTree │ └── wrappy@1.0.2
371 silly idealTree ├── serve-static@1.12.4
371 silly idealTree ├── setprototypeof@1.0.3
371 silly idealTree ├── statuses@1.3.1
371 silly idealTree ├── type-is@1.6.15
371 silly idealTree ├── underscore@1.8.2
371 silly idealTree ├── unpipe@1.0.0
371 silly idealTree ├── utils-merge@1.0.0
371 silly idealTree └── vary@1.1.2
372 silly generateActionsToTake Starting
373 silly install generateActionsToTake
374 silly generateActionsToTake Finishing
375 silly diffTrees action count 7
376 silly diffTrees add coffee-script@1.9.1
377 silly diffTrees add bindings@1.2.1
378 silly diffTrees add nan@2.3.5
379 silly diffTrees add repl@0.1.3
380 silly diffTrees add underscore@1.8.2
381 silly diffTrees add i2c@0.2.3
382 silly diffTrees add adafruit-i2c-pwm-driver@0.2.1
383 silly decomposeActions action count 56
384 silly decomposeActions fetch coffee-script@1.9.1
385 silly decomposeActions extract coffee-script@1.9.1
386 silly decomposeActions test coffee-script@1.9.1
387 silly decomposeActions preinstall coffee-script@1.9.1
388 silly decomposeActions build coffee-script@1.9.1
389 silly decomposeActions install coffee-script@1.9.1
390 silly decomposeActions postinstall coffee-script@1.9.1
391 silly decomposeActions finalize coffee-script@1.9.1
392 silly decomposeActions fetch bindings@1.2.1
393 silly decomposeActions extract bindings@1.2.1
394 silly decomposeActions test bindings@1.2.1
395 silly decomposeActions preinstall bindings@1.2.1
396 silly decomposeActions build bindings@1.2.1
397 silly decomposeActions install bindings@1.2.1
398 silly decomposeActions postinstall bindings@1.2.1
399 silly decomposeActions finalize bindings@1.2.1
400 silly decomposeActions fetch nan@2.3.5
401 silly decomposeActions extract nan@2.3.5
402 silly decomposeActions test nan@2.3.5
403 silly decomposeActions preinstall nan@2.3.5
404 silly decomposeActions build nan@2.3.5
405 silly decomposeActions install nan@2.3.5
406 silly decomposeActions postinstall nan@2.3.5
407 silly decomposeActions finalize nan@2.3.5
408 silly decomposeActions fetch repl@0.1.3
409 silly decomposeActions extract repl@0.1.3
410 silly decomposeActions test repl@0.1.3
411 silly decomposeActions preinstall repl@0.1.3
412 silly decomposeActions build repl@0.1.3
413 silly decomposeActions install repl@0.1.3
414 silly decomposeActions postinstall repl@0.1.3
415 silly decomposeActions finalize repl@0.1.3
416 silly decomposeActions fetch underscore@1.8.2
417 silly decomposeActions extract underscore@1.8.2
418 silly decomposeActions test underscore@1.8.2
419 silly decomposeActions preinstall underscore@1.8.2
420 silly decomposeActions build underscore@1.8.2
421 silly decomposeActions install underscore@1.8.2
422 silly decomposeActions postinstall underscore@1.8.2
423 silly decomposeActions finalize underscore@1.8.2
424 silly decomposeActions fetch i2c@0.2.3
425 silly decomposeActions extract i2c@0.2.3
426 silly decomposeActions test i2c@0.2.3
427 silly decomposeActions preinstall i2c@0.2.3
428 silly decomposeActions build i2c@0.2.3
429 silly decomposeActions install i2c@0.2.3
430 silly decomposeActions postinstall i2c@0.2.3
431 silly decomposeActions finalize i2c@0.2.3
432 silly decomposeActions fetch adafruit-i2c-pwm-driver@0.2.1
433 silly decomposeActions extract adafruit-i2c-pwm-driver@0.2.1
434 silly decomposeActions test adafruit-i2c-pwm-driver@0.2.1
435 silly decomposeActions preinstall adafruit-i2c-pwm-driver@0.2.1
436 silly decomposeActions build adafruit-i2c-pwm-driver@0.2.1
437 silly decomposeActions install adafruit-i2c-pwm-driver@0.2.1
438 silly decomposeActions postinstall adafruit-i2c-pwm-driver@0.2.1
439 silly decomposeActions finalize adafruit-i2c-pwm-driver@0.2.1
440 silly runTopLevelLifecycles Starting
441 silly executeActions Starting
442 silly install executeActions
443 silly doSerial global-install 0
444 silly doParallel fetch 7
445 verbose correctMkdir /Users/sachinpatney/.npm/_locks correctMkdir not in flight; initializing
446 verbose lock using /Users/sachinpatney/.npm/_locks/staging-cd9df8953b3478b9.lock for /Users/sachinpatney/personal/home-iot/node_modules/.staging
447 silly doParallel extract 7
448 silly extract coffee-script@1.9.1
449 silly extract bindings@1.2.1
450 silly extract nan@2.3.5
451 silly extract repl@0.1.3
452 silly extract underscore@1.8.2
453 silly extract i2c@0.2.3
454 silly extract adafruit-i2c-pwm-driver@0.2.1
455 verbose unbuild node_modules/.staging/nan-53098980
456 verbose unbuild node_modules/.staging/bindings-09eba297
457 verbose unbuild node_modules/.staging/underscore-ac32d42a
458 verbose unbuild node_modules/.staging/repl-201b580e
459 verbose unbuild node_modules/.staging/i2c-a1200ff4
460 verbose unbuild node_modules/.staging/adafruit-i2c-pwm-driver-a89abe95
461 verbose unbuild node_modules/.staging/coffee-script-b59ca333
462 silly gentlyRm /Users/sachinpatney/personal/home-iot/node_modules/.staging/nan-53098980 is being purged from base /Users/sachinpatney/personal/home-iot
463 verbose gentlyRm don't care about contents; nuking /Users/sachinpatney/personal/home-iot/node_modules/.staging/nan-53098980
464 silly gentlyRm /Users/sachinpatney/personal/home-iot/node_modules/.staging/bindings-09eba297 is being purged from base /Users/sachinpatney/personal/home-iot
465 verbose gentlyRm don't care about contents; nuking /Users/sachinpatney/personal/home-iot/node_modules/.staging/bindings-09eba297
466 silly gentlyRm /Users/sachinpatney/personal/home-iot/node_modules/.staging/underscore-ac32d42a is being purged from base /Users/sachinpatney/personal/home-iot
467 verbose gentlyRm don't care about contents; nuking /Users/sachinpatney/personal/home-iot/node_modules/.staging/underscore-ac32d42a
468 silly gentlyRm /Users/sachinpatney/personal/home-iot/node_modules/.staging/repl-201b580e is being purged from base /Users/sachinpatney/personal/home-iot
469 verbose gentlyRm don't care about contents; nuking /Users/sachinpatney/personal/home-iot/node_modules/.staging/repl-201b580e
470 silly gentlyRm /Users/sachinpatney/personal/home-iot/node_modules/.staging/i2c-a1200ff4 is being purged from base /Users/sachinpatney/personal/home-iot
471 verbose gentlyRm don't care about contents; nuking /Users/sachinpatney/personal/home-iot/node_modules/.staging/i2c-a1200ff4
472 silly gentlyRm /Users/sachinpatney/personal/home-iot/node_modules/.staging/adafruit-i2c-pwm-driver-a89abe95 is being purged from base /Users/sachinpatney/personal/home-iot
473 verbose gentlyRm don't care about contents; nuking /Users/sachinpatney/personal/home-iot/node_modules/.staging/adafruit-i2c-pwm-driver-a89abe95
474 silly gentlyRm /Users/sachinpatney/personal/home-iot/node_modules/.staging/coffee-script-b59ca333 is being purged from base /Users/sachinpatney/personal/home-iot
475 verbose gentlyRm don't care about contents; nuking /Users/sachinpatney/personal/home-iot/node_modules/.staging/coffee-script-b59ca333
476 verbose tar unpack /Users/sachinpatney/.npm/nan/2.3.5/package.tgz
477 verbose tar unpacking to /Users/sachinpatney/personal/home-iot/node_modules/.staging/nan-53098980
478 silly gentlyRm /Users/sachinpatney/personal/home-iot/node_modules/.staging/nan-53098980 is being purged
479 verbose gentlyRm don't care about contents; nuking /Users/sachinpatney/personal/home-iot/node_modules/.staging/nan-53098980
480 verbose tar unpack /Users/sachinpatney/.npm/bindings/1.2.1/package.tgz
481 verbose tar unpacking to /Users/sachinpatney/personal/home-iot/node_modules/.staging/bindings-09eba297
482 silly gentlyRm /Users/sachinpatney/personal/home-iot/node_modules/.staging/bindings-09eba297 is being purged
483 verbose gentlyRm don't care about contents; nuking /Users/sachinpatney/personal/home-iot/node_modules/.staging/bindings-09eba297
484 verbose tar unpack /Users/sachinpatney/.npm/underscore/1.8.2/package.tgz
485 verbose tar unpacking to /Users/sachinpatney/personal/home-iot/node_modules/.staging/underscore-ac32d42a
486 silly gentlyRm /Users/sachinpatney/personal/home-iot/node_modules/.staging/underscore-ac32d42a is being purged
487 verbose gentlyRm don't care about contents; nuking /Users/sachinpatney/personal/home-iot/node_modules/.staging/underscore-ac32d42a
488 verbose tar unpack /Users/sachinpatney/.npm/repl/0.1.3/package.tgz
489 verbose tar unpacking to /Users/sachinpatney/personal/home-iot/node_modules/.staging/repl-201b580e
490 silly gentlyRm /Users/sachinpatney/personal/home-iot/node_modules/.staging/repl-201b580e is being purged
491 verbose gentlyRm don't care about contents; nuking /Users/sachinpatney/personal/home-iot/node_modules/.staging/repl-201b580e
492 verbose tar unpack /Users/sachinpatney/.npm/i2c/0.2.3/package.tgz
493 verbose tar unpacking to /Users/sachinpatney/personal/home-iot/node_modules/.staging/i2c-a1200ff4
494 silly gentlyRm /Users/sachinpatney/personal/home-iot/node_modules/.staging/i2c-a1200ff4 is being purged
495 verbose gentlyRm don't care about contents; nuking /Users/sachinpatney/personal/home-iot/node_modules/.staging/i2c-a1200ff4
496 verbose tar unpack /Users/sachinpatney/.npm/adafruit-i2c-pwm-driver/0.2.1/package.tgz
497 verbose tar unpacking to /Users/sachinpatney/personal/home-iot/node_modules/.staging/adafruit-i2c-pwm-driver-a89abe95
498 silly gentlyRm /Users/sachinpatney/personal/home-iot/node_modules/.staging/adafruit-i2c-pwm-driver-a89abe95 is being purged
499 verbose gentlyRm don't care about contents; nuking /Users/sachinpatney/personal/home-iot/node_modules/.staging/adafruit-i2c-pwm-driver-a89abe95
500 verbose tar unpack /Users/sachinpatney/.npm/coffee-script/1.9.1/package.tgz
501 verbose tar unpacking to /Users/sachinpatney/personal/home-iot/node_modules/.staging/coffee-script-b59ca333
502 silly gentlyRm /Users/sachinpatney/personal/home-iot/node_modules/.staging/coffee-script-b59ca333 is being purged
503 verbose gentlyRm don't care about contents; nuking /Users/sachinpatney/personal/home-iot/node_modules/.staging/coffee-script-b59ca333
504 silly gunzTarPerm modes [ '755', '644' ]
505 silly gunzTarPerm modes [ '755', '644' ]
506 silly gunzTarPerm modes [ '755', '644' ]
507 silly gunzTarPerm modes [ '755', '644' ]
508 silly gunzTarPerm modes [ '755', '644' ]
509 silly gunzTarPerm modes [ '755', '644' ]
510 silly gunzTarPerm modes [ '755', '644' ]
511 silly gunzTarPerm extractEntry package.json
512 silly gunzTarPerm modified mode [ 'package.json', 436, 420 ]
513 silly gunzTarPerm extractEntry package.json
514 silly gunzTarPerm extractEntry package.json
515 silly gunzTarPerm extractEntry package.json
516 silly gunzTarPerm extractEntry test.js
517 silly gunzTarPerm extractEntry package.json
518 silly gunzTarPerm extractEntry package.json
519 silly gunzTarPerm extractEntry README.md
520 silly gunzTarPerm modified mode [ 'README.md', 436, 420 ]
521 silly gunzTarPerm extractEntry README.md
522 silly gunzTarPerm extractEntry bindings.js
523 silly gunzTarPerm extractEntry include_dirs.js
524 silly gunzTarPerm modified mode [ 'include_dirs.js', 436, 420 ]
525 silly gunzTarPerm extractEntry .npmignore
526 silly gunzTarPerm extractEntry README.md
527 silly gunzTarPerm extractEntry README.md
528 silly gunzTarPerm extractEntry LICENSE
529 silly gunzTarPerm extractEntry README.md
530 silly gunzTarPerm extractEntry package.json
531 silly gunzTarPerm extractEntry .npmignore
532 silly gunzTarPerm extractEntry README.md
533 silly gunzTarPerm extractEntry .npmignore
534 silly gunzTarPerm extractEntry README
535 silly gunzTarPerm extractEntry LICENSE
536 silly gunzTarPerm extractEntry main.js
537 silly gunzTarPerm extractEntry nan_converters.h
538 silly gunzTarPerm modified mode [ 'nan_converters.h', 436, 420 ]
539 silly gunzTarPerm extractEntry LICENSE.md
540 silly gunzTarPerm modified mode [ 'LICENSE.md', 436, 420 ]
541 silly gunzTarPerm extractEntry doc/node_misc.md
542 silly gunzTarPerm modified mode [ 'doc/node_misc.md', 436, 420 ]
543 silly gunzTarPerm extractEntry underscore.js
544 silly gunzTarPerm extractEntry underscore-min.js
545 silly gunzTarPerm extractEntry underscore-min.map
546 silly gunzTarPerm extractEntry LICENSE
547 silly gunzTarPerm extractEntry demo/demo.js
548 silly gunzTarPerm extractEntry index.js
549 silly gunzTarPerm extractEntry lib/repl.js
550 silly gunzTarPerm extractEntry README.md
551 silly gunzTarPerm extractEntry LICENSE
552 silly gunzTarPerm extractEntry doc/asyncworker.md
553 silly gunzTarPerm modified mode [ 'doc/asyncworker.md', 436, 420 ]
554 silly gunzTarPerm extractEntry binding.gyp
555 silly gunzTarPerm extractEntry examples/accelerometer/accel.coffee
556 silly gunzTarPerm extractEntry demo/demo.coffee
557 silly gunzTarPerm extractEntry dist/i2cWrapper.js
558 silly gunzTarPerm extractEntry register.js
559 silly gunzTarPerm extractEntry repl.js
560 silly gunzTarPerm extractEntry doc/callback.md
561 silly gunzTarPerm modified mode [ 'doc/callback.md', 436, 420 ]
562 silly gunzTarPerm extractEntry doc/converters.md
563 silly gunzTarPerm modified mode [ 'doc/converters.md', 436, 420 ]
564 silly gunzTarPerm extractEntry bin/cake
565 silly gunzTarPerm extractEntry bin/coffee
566 silly gunzTarPerm extractEntry dist/index.js
567 silly gunzTarPerm extractEntry dist/sleep.js
568 silly gunzTarPerm extractEntry examples/simple.js
569 silly gunzTarPerm extractEntry .babelrc
570 silly gunzTarPerm extractEntry src/i2cWrapper.js
571 silly gunzTarPerm extractEntry src/index.js
572 silly gunzTarPerm extractEntry src/sleep.js
573 silly gunzTarPerm extractEntry examples/blinkm/blinkm.coffee
574 silly gunzTarPerm extractEntry lib/i2c.coffee
575 silly gunzTarPerm extractEntry doc/errors.md
576 silly gunzTarPerm modified mode [ 'doc/errors.md', 436, 420 ]
577 silly gunzTarPerm extractEntry doc/maybe_types.md
578 silly gunzTarPerm modified mode [ 'doc/maybe_types.md', 436, 420 ]
579 silly gunzTarPerm extractEntry bower.json
580 silly gunzTarPerm extractEntry lib/coffee-script/browser.js
581 silly gunzTarPerm extractEntry src/i2c-dev.c
582 silly gunzTarPerm extractEntry doc/methods.md
583 silly gunzTarPerm modified mode [ 'doc/methods.md', 436, 420 ]
584 silly gunzTarPerm extractEntry doc/new.md
585 silly gunzTarPerm modified mode [ 'doc/new.md', 436, 420 ]
586 silly gentlyRm /Users/sachinpatney/personal/home-iot/node_modules/.staging/bindings-09eba297/node_modules is being purged
587 verbose gentlyRm don't care about contents; nuking /Users/sachinpatney/personal/home-iot/node_modules/.staging/bindings-09eba297/node_modules
588 silly gunzTarPerm extractEntry lib/coffee-script/grammar.js
589 silly gunzTarPerm extractEntry lib/coffee-script/helpers.js
590 silly gunzTarPerm extractEntry src/i2c-dev.h
591 silly gunzTarPerm extractEntry src/i2c.cc
592 silly gunzTarPerm extractEntry doc/buffers.md
593 silly gunzTarPerm modified mode [ 'doc/buffers.md', 436, 420 ]
594 silly gunzTarPerm extractEntry doc/object_wrappers.md
595 silly gunzTarPerm modified mode [ 'doc/object_wrappers.md', 436, 420 ]
596 silly gunzTarPerm extractEntry lib/coffee-script/index.js
597 silly gunzTarPerm extractEntry lib/coffee-script/lexer.js
598 silly gunzTarPerm extractEntry doc/persistent.md
599 silly gunzTarPerm modified mode [ 'doc/persistent.md', 436, 420 ]
600 silly gunzTarPerm extractEntry doc/scopes.md
601 silly gunzTarPerm modified mode [ 'doc/scopes.md', 436, 420 ]
602 silly gentlyRm /Users/sachinpatney/personal/home-iot/node_modules/.staging/repl-201b580e/node_modules is being purged
603 verbose gentlyRm don't care about contents; nuking /Users/sachinpatney/personal/home-iot/node_modules/.staging/repl-201b580e/node_modules
604 silly gunzTarPerm extractEntry lib/coffee-script/command.js
605 silly gunzTarPerm extractEntry lib/coffee-script/optparse.js
606 silly gunzTarPerm extractEntry doc/script.md
607 silly gunzTarPerm modified mode [ 'doc/script.md', 436, 420 ]
608 silly gunzTarPerm extractEntry doc/string_bytes.md
609 silly gunzTarPerm modified mode [ 'doc/string_bytes.md', 436, 420 ]
610 silly gunzTarPerm extractEntry lib/coffee-script/parser.js
611 silly gunzTarPerm extractEntry lib/coffee-script/register.js
612 silly gunzTarPerm extractEntry doc/v8_internals.md
613 silly gunzTarPerm modified mode [ 'doc/v8_internals.md', 436, 420 ]
614 silly gunzTarPerm extractEntry doc/v8_misc.md
615 silly gunzTarPerm modified mode [ 'doc/v8_misc.md', 436, 420 ]
616 silly gentlyRm /Users/sachinpatney/personal/home-iot/node_modules/.staging/underscore-ac32d42a/node_modules is being purged
617 verbose gentlyRm don't care about contents; nuking /Users/sachinpatney/personal/home-iot/node_modules/.staging/underscore-ac32d42a/node_modules
618 silly gunzTarPerm extractEntry lib/coffee-script/repl.js
619 silly gunzTarPerm extractEntry lib/coffee-script/rewriter.js
620 silly gunzTarPerm extractEntry nan.h
621 silly gunzTarPerm modified mode [ 'nan.h', 436, 420 ]
622 silly gunzTarPerm extractEntry lib/coffee-script/coffee-script.js
623 silly gunzTarPerm extractEntry lib/coffee-script/scope.js
624 silly gunzTarPerm extractEntry nan_callbacks.h
625 silly gunzTarPerm modified mode [ 'nan_callbacks.h', 436, 420 ]
626 silly gunzTarPerm extractEntry nan_callbacks_12_inl.h
627 silly gunzTarPerm modified mode [ 'nan_callbacks_12_inl.h', 436, 420 ]
628 silly gunzTarPerm extractEntry nan_callbacks_pre_12_inl.h
629 silly gunzTarPerm modified mode [ 'nan_callbacks_pre_12_inl.h', 436, 420 ]
630 silly gunzTarPerm extractEntry nan_converters_43_inl.h
631 silly gunzTarPerm modified mode [ 'nan_converters_43_inl.h', 436, 420 ]
632 silly gunzTarPerm extractEntry lib/coffee-script/cake.js
633 silly gunzTarPerm extractEntry lib/coffee-script/sourcemap.js
634 silly gunzTarPerm extractEntry lib/coffee-script/nodes.js
635 silly gunzTarPerm extractEntry CNAME
636 silly gunzTarPerm extractEntry CONTRIBUTING.md
637 silly gunzTarPerm extractEntry nan_converters_pre_43_inl.h
638 silly gunzTarPerm modified mode [ 'nan_converters_pre_43_inl.h', 436, 420 ]
639 silly gunzTarPerm extractEntry nan_implementation_12_inl.h
640 silly gunzTarPerm modified mode [ 'nan_implementation_12_inl.h', 436, 420 ]
641 silly gunzTarPerm extractEntry nan_implementation_pre_12_inl.h
642 silly gunzTarPerm modified mode [ 'nan_implementation_pre_12_inl.h', 436, 420 ]
643 silly gunzTarPerm extractEntry nan_maybe_43_inl.h
644 silly gunzTarPerm modified mode [ 'nan_maybe_43_inl.h', 436, 420 ]
645 silly gunzTarPerm extractEntry nan_maybe_pre_43_inl.h
646 silly gunzTarPerm modified mode [ 'nan_maybe_pre_43_inl.h', 436, 420 ]
647 silly gunzTarPerm extractEntry nan_new.h
648 silly gunzTarPerm modified mode [ 'nan_new.h', 436, 420 ]
649 silly gunzTarPerm extractEntry nan_object_wrap.h
650 silly gunzTarPerm modified mode [ 'nan_object_wrap.h', 436, 420 ]
651 silly gunzTarPerm extractEntry nan_persistent_12_inl.h
652 silly gunzTarPerm modified mode [ 'nan_persistent_12_inl.h', 436, 420 ]
653 silly gentlyRm /Users/sachinpatney/personal/home-iot/node_modules/.staging/i2c-a1200ff4/node_modules is being purged
654 verbose gentlyRm don't care about contents; nuking /Users/sachinpatney/personal/home-iot/node_modules/.staging/i2c-a1200ff4/node_modules
655 silly gunzTarPerm extractEntry nan_persistent_pre_12_inl.h
656 silly gunzTarPerm modified mode [ 'nan_persistent_pre_12_inl.h', 436, 420 ]
657 silly gunzTarPerm extractEntry nan_string_bytes.h
658 silly gunzTarPerm modified mode [ 'nan_string_bytes.h', 436, 420 ]
659 silly gunzTarPerm extractEntry nan_typedarray_contents.h
660 silly gunzTarPerm modified mode [ 'nan_typedarray_contents.h', 436, 420 ]
661 silly gunzTarPerm extractEntry nan_weak.h
662 silly gunzTarPerm modified mode [ 'nan_weak.h', 436, 420 ]
663 silly gentlyRm /Users/sachinpatney/personal/home-iot/node_modules/.staging/adafruit-i2c-pwm-driver-a89abe95/node_modules is being purged
664 verbose gentlyRm don't care about contents; nuking /Users/sachinpatney/personal/home-iot/node_modules/.staging/adafruit-i2c-pwm-driver-a89abe95/node_modules
665 silly gunzTarPerm extractEntry CHANGELOG.md
666 silly gunzTarPerm modified mode [ 'CHANGELOG.md', 436, 420 ]
667 silly gunzTarPerm extractEntry tools/package.json
668 silly gunzTarPerm modified mode [ 'tools/package.json', 436, 420 ]
669 silly gunzTarPerm extractEntry tools/README.md
670 silly gunzTarPerm modified mode [ 'tools/README.md', 436, 420 ]
671 silly gunzTarPerm extractEntry tools/1to2.js
672 silly gunzTarPerm modified mode [ 'tools/1to2.js', 509, 493 ]
673 silly gentlyRm /Users/sachinpatney/personal/home-iot/node_modules/.staging/coffee-script-b59ca333/node_modules is being purged
674 verbose gentlyRm don't care about contents; nuking /Users/sachinpatney/personal/home-iot/node_modules/.staging/coffee-script-b59ca333/node_modules
675 silly gentlyRm /Users/sachinpatney/personal/home-iot/node_modules/.staging/nan-53098980/node_modules is being purged
676 verbose gentlyRm don't care about contents; nuking /Users/sachinpatney/personal/home-iot/node_modules/.staging/nan-53098980/node_modules
677 silly doParallel preinstall 7
678 silly preinstall coffee-script@1.9.1 /Users/sachinpatney/personal/home-iot/node_modules/.staging/coffee-script-b59ca333
679 info lifecycle coffee-script@1.9.1~preinstall: coffee-script@1.9.1
680 silly preinstall bindings@1.2.1 /Users/sachinpatney/personal/home-iot/node_modules/.staging/bindings-09eba297
681 info lifecycle bindings@1.2.1~preinstall: bindings@1.2.1
682 silly preinstall nan@2.3.5 /Users/sachinpatney/personal/home-iot/node_modules/.staging/nan-53098980
683 info lifecycle nan@2.3.5~preinstall: nan@2.3.5
684 silly preinstall repl@0.1.3 /Users/sachinpatney/personal/home-iot/node_modules/.staging/repl-201b580e
685 info lifecycle repl@0.1.3~preinstall: repl@0.1.3
686 silly preinstall underscore@1.8.2 /Users/sachinpatney/personal/home-iot/node_modules/.staging/underscore-ac32d42a
687 info lifecycle underscore@1.8.2~preinstall: underscore@1.8.2
688 silly preinstall i2c@0.2.3 /Users/sachinpatney/personal/home-iot/node_modules/.staging/i2c-a1200ff4
689 info lifecycle i2c@0.2.3~preinstall: i2c@0.2.3
690 silly preinstall adafruit-i2c-pwm-driver@0.2.1 /Users/sachinpatney/personal/home-iot/node_modules/.staging/adafruit-i2c-pwm-driver-a89abe95
691 info lifecycle adafruit-i2c-pwm-driver@0.2.1~preinstall: adafruit-i2c-pwm-driver@0.2.1
692 silly lifecycle coffee-script@1.9.1~preinstall: no script for preinstall, continuing
693 silly lifecycle bindings@1.2.1~preinstall: no script for preinstall, continuing
694 silly lifecycle nan@2.3.5~preinstall: no script for preinstall, continuing
695 silly lifecycle repl@0.1.3~preinstall: no script for preinstall, continuing
696 silly lifecycle underscore@1.8.2~preinstall: no script for preinstall, continuing
697 silly lifecycle i2c@0.2.3~preinstall: no script for preinstall, continuing
698 silly lifecycle adafruit-i2c-pwm-driver@0.2.1~preinstall: no script for preinstall, continuing
699 silly doReverseSerial remove 0
700 silly doSerial move 0
701 silly doSerial finalize 7
702 silly finalize /Users/sachinpatney/personal/home-iot/node_modules/coffee-script
703 silly finalize /Users/sachinpatney/personal/home-iot/node_modules/i2c/node_modules/bindings
704 silly finalize /Users/sachinpatney/personal/home-iot/node_modules/i2c/node_modules/nan
705 silly finalize /Users/sachinpatney/personal/home-iot/node_modules/repl
706 silly finalize /Users/sachinpatney/personal/home-iot/node_modules/underscore
707 silly finalize /Users/sachinpatney/personal/home-iot/node_modules/i2c
708 silly finalize /Users/sachinpatney/personal/home-iot/node_modules/adafruit-i2c-pwm-driver
709 silly doSerial build 7
710 silly build coffee-script@1.9.1
711 info linkStuff coffee-script@1.9.1
712 silly linkStuff coffee-script@1.9.1 has /Users/sachinpatney/personal/home-iot/node_modules as its parent node_modules
713 warn prefer global coffee-script@1.9.1 should be installed with -g
714 verbose linkBins coffee-script@1.9.1
715 verbose link bins [ { coffee: './bin/coffee', cake: './bin/cake' },
715 verbose link bins   '/Users/sachinpatney/personal/home-iot/node_modules/.bin',
715 verbose link bins   false ]
716 verbose linkMans coffee-script@1.9.1
717 silly gentlyRm /Users/sachinpatney/personal/home-iot/node_modules/.bin/cake is being purged
718 verbose gentlyRm don't care about contents; nuking /Users/sachinpatney/personal/home-iot/node_modules/.bin/cake
719 silly gentlyRm /Users/sachinpatney/personal/home-iot/node_modules/.bin/coffee is being purged
720 verbose gentlyRm don't care about contents; nuking /Users/sachinpatney/personal/home-iot/node_modules/.bin/coffee
721 silly build bindings@1.2.1
722 info linkStuff bindings@1.2.1
723 silly linkStuff bindings@1.2.1 has /Users/sachinpatney/personal/home-iot/node_modules/i2c/node_modules as its parent node_modules
724 verbose linkBins bindings@1.2.1
725 verbose linkMans bindings@1.2.1
726 silly build nan@2.3.5
727 info linkStuff nan@2.3.5
728 silly linkStuff nan@2.3.5 has /Users/sachinpatney/personal/home-iot/node_modules/i2c/node_modules as its parent node_modules
729 verbose linkBins nan@2.3.5
730 verbose linkMans nan@2.3.5
731 silly build repl@0.1.3
732 info linkStuff repl@0.1.3
733 silly linkStuff repl@0.1.3 has /Users/sachinpatney/personal/home-iot/node_modules as its parent node_modules
734 verbose linkBins repl@0.1.3
735 verbose linkMans repl@0.1.3
736 silly build underscore@1.8.2
737 info linkStuff underscore@1.8.2
738 silly linkStuff underscore@1.8.2 has /Users/sachinpatney/personal/home-iot/node_modules as its parent node_modules
739 verbose linkBins underscore@1.8.2
740 verbose linkMans underscore@1.8.2
741 silly build i2c@0.2.3
742 info linkStuff i2c@0.2.3
743 silly linkStuff i2c@0.2.3 has /Users/sachinpatney/personal/home-iot/node_modules as its parent node_modules
744 verbose linkBins i2c@0.2.3
745 verbose linkMans i2c@0.2.3
746 silly build adafruit-i2c-pwm-driver@0.2.1
747 info linkStuff adafruit-i2c-pwm-driver@0.2.1
748 silly linkStuff adafruit-i2c-pwm-driver@0.2.1 has /Users/sachinpatney/personal/home-iot/node_modules as its parent node_modules
749 verbose linkBins adafruit-i2c-pwm-driver@0.2.1
750 verbose linkMans adafruit-i2c-pwm-driver@0.2.1
751 silly doSerial global-link 0
752 silly doParallel update-linked 0
753 silly doSerial install 7
754 silly install coffee-script@1.9.1 /Users/sachinpatney/personal/home-iot/node_modules/.staging/coffee-script-b59ca333
755 info lifecycle coffee-script@1.9.1~install: coffee-script@1.9.1
756 silly lifecycle coffee-script@1.9.1~install: no script for install, continuing
757 silly install bindings@1.2.1 /Users/sachinpatney/personal/home-iot/node_modules/.staging/bindings-09eba297
758 info lifecycle bindings@1.2.1~install: bindings@1.2.1
759 silly lifecycle bindings@1.2.1~install: no script for install, continuing
760 silly install nan@2.3.5 /Users/sachinpatney/personal/home-iot/node_modules/.staging/nan-53098980
761 info lifecycle nan@2.3.5~install: nan@2.3.5
762 silly lifecycle nan@2.3.5~install: no script for install, continuing
763 silly install repl@0.1.3 /Users/sachinpatney/personal/home-iot/node_modules/.staging/repl-201b580e
764 info lifecycle repl@0.1.3~install: repl@0.1.3
765 silly lifecycle repl@0.1.3~install: no script for install, continuing
766 silly install underscore@1.8.2 /Users/sachinpatney/personal/home-iot/node_modules/.staging/underscore-ac32d42a
767 info lifecycle underscore@1.8.2~install: underscore@1.8.2
768 silly lifecycle underscore@1.8.2~install: no script for install, continuing
769 silly install i2c@0.2.3 /Users/sachinpatney/personal/home-iot/node_modules/.staging/i2c-a1200ff4
770 info lifecycle i2c@0.2.3~install: i2c@0.2.3
771 verbose lifecycle i2c@0.2.3~install: unsafe-perm in lifecycle true
772 verbose lifecycle i2c@0.2.3~install: PATH: /usr/local/lib/node_modules/npm/bin/node-gyp-bin:/Users/sachinpatney/personal/home-iot/node_modules/i2c/node_modules/.bin:/Users/sachinpatney/personal/home-iot/node_modules/.bin:/usr/local/bin:/usr/bin:/bin:/usr/sbin:/sbin
773 verbose lifecycle i2c@0.2.3~install: CWD: /Users/sachinpatney/personal/home-iot/node_modules/i2c
774 silly lifecycle i2c@0.2.3~install: Args: [ '-c', 'node-gyp rebuild' ]
775 silly lifecycle i2c@0.2.3~install: Returned: code: 1  signal: null
776 info lifecycle i2c@0.2.3~install: Failed to exec install script
777 verbose unlock done using /Users/sachinpatney/.npm/_locks/staging-cd9df8953b3478b9.lock for /Users/sachinpatney/personal/home-iot/node_modules/.staging
778 silly rollbackFailedOptional Starting
779 silly rollbackFailedOptional Finishing
780 silly runTopLevelLifecycles Finishing
781 silly install printInstalled
782 warn home-iot@1.0.0 No repository field.
783 verbose If you need help, you may report this error at:
783 verbose     <https://github.com/npm/npm/issues>
784 verbose stack Error: i2c@0.2.3 install: `node-gyp rebuild`
784 verbose stack Exit status 1
784 verbose stack     at EventEmitter.<anonymous> (/usr/local/lib/node_modules/npm/lib/utils/lifecycle.js:255:16)
784 verbose stack     at emitTwo (events.js:106:13)
784 verbose stack     at EventEmitter.emit (events.js:191:7)
784 verbose stack     at ChildProcess.<anonymous> (/usr/local/lib/node_modules/npm/lib/utils/spawn.js:40:14)
784 verbose stack     at emitTwo (events.js:106:13)
784 verbose stack     at ChildProcess.emit (events.js:191:7)
784 verbose stack     at maybeClose (internal/child_process.js:920:16)
784 verbose stack     at Process.ChildProcess._handle.onexit (internal/child_process.js:230:5)
785 verbose pkgid i2c@0.2.3
786 verbose cwd /Users/sachinpatney/personal/home-iot
787 error Darwin 16.7.0
788 error argv "/usr/local/bin/node" "/usr/local/bin/npm" "i" "adafruit-i2c-pwm-driver" "--save"
789 error node v6.11.3
790 error npm  v3.10.10
791 error code ELIFECYCLE
792 error i2c@0.2.3 install: `node-gyp rebuild`
792 error Exit status 1
793 error Failed at the i2c@0.2.3 install script 'node-gyp rebuild'.
793 error Make sure you have the latest version of node.js and npm installed.
793 error If you do, this is most likely a problem with the i2c package,
793 error not with npm itself.
793 error Tell the author that this fails on your system:
793 error     node-gyp rebuild
793 error You can get information on how to open an issue for this project with:
793 error     npm bugs i2c
793 error Or if that isn't available, you can get their info via:
793 error     npm owner ls i2c
793 error There is likely additional logging output above.
794 verbose exit [ 1, true ]
